Your global Angular CLI version (13.3.0) is greater than your local version (12.2.7). The local Angular CLI version is used.

To disable this warning use "ng config -g cli.warnings.versionMismatch false".
****************************************************************************************
This is a simple server for use in testing or debugging Angular applications locally.
It hasn't been reviewed for security issues.

DON'T USE IT FOR PRODUCTION!
****************************************************************************************
- Generating browser application bundles (phase: setup)...
√ Browser application bundle generation complete.

Initial Chunk Files                                                                                     | Names         |      Size
vendor.js                                                                                               | vendor        |   2.03 MB
styles.css, styles.js                                                                                   | styles        | 791.95 kB
polyfills.js                                                                                            | polyfills     | 189.67 kB
main.js                                                                                                 | main          |  26.01 kB
runtime.js                                                                                              | runtime       |   2.78 kB

| Initial Total |   3.01 MB

Lazy Chunk Files                                                                                        | Names         |      Size
default-src_app_common_services_common_common_service_ts-src_app_common_services_programme_pr-ce5983.js | -             |   1.12 MB
default-node_modules_angular_material-moment-adapter___ivy_ngcc___fesm2015_material-moment-ad-321254.js | -             | 401.06 kB
src_app_modules_staff_staff_module_ts.js                                                                | -             | 230.98 kB
src_app_modules_student_student_module_ts.js                                                            | -             | 125.29 kB
src_app_modules_accounts_accounts_module_ts.js                                                          | -             |  36.73 kB
src_app_modules_structure_structure_module_ts.js                                                        | -             |  34.15 kB
src_app_modules_timetable_timetable_module_ts.js                                                        | -             |  25.90 kB
src_app_modules_dashboard_dashboard_module_ts.js                                                        | -             |  20.74 kB
default-src_app_common_components_navbarsidenavapp_navbarsidenavapp_component_ts-src_app_comm-e833fa.js | -             |  12.21 kB

Build at: 2022-04-02T10:54:13.207Z - Hash: fc1001797a953a0c30c6 - Time: 178328ms

./src/app/modules/staff/add_non-Teaching/add_non-Teaching.component.ts:533:23-47 - Error: export 'CoreInformationComponent' (imported as 'CoreInformationComponent') was not found in './core-information/core-information.component' (possible exports: MY_FORMATS, addNonTeachingStaff_CoreInformationComponent)

./src/app/modules/staff/add_non-Teaching/add_non-Teaching.component.ts:534:23-52 - Error: export 'CommunicationDetailsComponent' (imported as 'CommunicationDetailsComponent') was not found in './communication-details/communication-details.component' (possible exports: addNonTeachingStaff_CommunicationDetailsComponent)

./src/app/modules/staff/add_non-Teaching/add_non-Teaching.component.ts:535:23-52 - Error: export 'QualificationDetailsComponent' (imported as 'QualificationDetailsComponent') was not found in './qualification-details/qualification-details.component' (possible exports: addNonTeachingStaff_QualificationDetailsComponent)

./src/app/modules/staff/add_non-Teaching/add_non-Teaching.component.ts:536:23-49 - Error: export 'ExperienceDetailsComponent' (imported as 'ExperienceDetailsComponent') was not found in './experience-details/experience-details.component' (possible exports: MY_FORMATS, addNonTeachingStaff_ExperienceDetailsComponent)

./src/app/modules/staff/add_non-Teaching/add_non-Teaching.component.ts:537:23-46 - Error: export 'BankingDetailsComponent' (imported as 'BankingDetailsComponent') was not found in './banking-details/banking-details.component' (possible exports: addNonTeachingStaff_BankingDetailsComponent)

./src/app/modules/staff/add_non-Teaching/add_non-Teaching.component.ts:538:23-41 - Error: export 'DocumentsComponent' (imported as 'DocumentsComponent') was not found in './documents/documents.component' (possible exports: addNonTeachingStaff_DocumentsComponent)

./src/app/modules/staff/add_non-Teaching/add_non-Teaching.component.ts:539:23-47 - Error: export 'PersonalDetailsComponent' (imported as 'PersonalDetailsComponent') was not found in './personal-details/personal-details.component' (possible exports: addNonTeachingStaff_PersonalDetailsComponent)

./src/app/modules/staff/add_non-Teaching/add_non-Teaching.component.ts:540:23-48 - Error: export 'OtherInformationComponent' (imported as 'OtherInformationComponent') was not found in './other-information/other-information.component' (possible exports: addNonTeachingStaff_OtherInformationComponent)

Error: src/app/modules/staff/add_non-Teaching/add_non-Teaching.component.ts:10:10 - error TS2305: Module '"./core-information/core-information.component"' has no exported member 'CoreInformationComponent'.

10 import { CoreInformationComponent } from './core-information/core-information.component';
            ~~~~~~~~~~~~~~~~~~~~~~~~


Error: src/app/modules/staff/add_non-Teaching/add_non-Teaching.component.ts:11:10 - error TS2305: Module '"./communication-details/communication-details.component"' has no exported member 'CommunicationDetailsComponent'.

11 import { CommunicationDetailsComponent } from './communication-details/communication-details.component';
            ~~~~~~~~~~~~~~~~~~~~~~~~~~~~~


Error: src/app/modules/staff/add_non-Teaching/add_non-Teaching.component.ts:12:10 - error TS2305: Module '"./qualification-details/qualification-details.component"' has no exported member 'QualificationDetailsComponent'.

12 import { QualificationDetailsComponent } from './qualification-details/qualification-details.component';
            ~~~~~~~~~~~~~~~~~~~~~~~~~~~~~


Error: src/app/modules/staff/add_non-Teaching/add_non-Teaching.component.ts:13:10 - error TS2305: Module '"./experience-details/experience-details.component"' has no exported member 'ExperienceDetailsComponent'.

13 import { ExperienceDetailsComponent } from './experience-details/experience-details.component';
            ~~~~~~~~~~~~~~~~~~~~~~~~~~


Error: src/app/modules/staff/add_non-Teaching/add_non-Teaching.component.ts:14:10 - error TS2305: Module '"./banking-details/banking-details.component"' has no exported member 'BankingDetailsComponent'.

14 import { BankingDetailsComponent } from './banking-details/banking-details.component';
            ~~~~~~~~~~~~~~~~~~~~~~~


Error: src/app/modules/staff/add_non-Teaching/add_non-Teaching.component.ts:15:10 - error TS2305: Module '"./documents/documents.component"' has no exported member 'DocumentsComponent'.

15 import { DocumentsComponent } from './documents/documents.component';
            ~~~~~~~~~~~~~~~~~~


Error: src/app/modules/staff/add_non-Teaching/add_non-Teaching.component.ts:16:10 - error TS2305: Module '"./personal-details/personal-details.component"' has no exported member 'PersonalDetailsComponent'.

16 import { PersonalDetailsComponent } from './personal-details/personal-details.component';
            ~~~~~~~~~~~~~~~~~~~~~~~~


Error: src/app/modules/staff/add_non-Teaching/add_non-Teaching.component.ts:17:10 - error TS2305: Module '"./other-information/other-information.component"' has no exported member 'OtherInformationComponent'.

17 import { OtherInformationComponent } from './other-information/other-information.component';
            ~~~~~~~~~~~~~~~~~~~~~~~~~




** Angular Live Development Server is listening on localhost:4200, open your browser on http://localhost:4200/ **

√ Browser application bundle generation complete.

14 unchanged chunks

Build at: 2022-04-02T10:54:23.558Z - Hash: eb72b2c63ce617114a12 - Time: 6026ms

./src/app/modules/staff/add_non-Teaching/add_non-Teaching.component.ts:533:23-47 - Error: export 'CoreInformationComponent' (imported as 'CoreInformationComponent') was not found in './core-information/core-information.component' (possible exports: MY_FORMATS, addNonTeachingStaff_CoreInformationComponent)

./src/app/modules/staff/add_non-Teaching/add_non-Teaching.component.ts:534:23-52 - Error: export 'CommunicationDetailsComponent' (imported as 'CommunicationDetailsComponent') was not found in './communication-details/communication-details.component' (possible exports: addNonTeachingStaff_CommunicationDetailsComponent)

./src/app/modules/staff/add_non-Teaching/add_non-Teaching.component.ts:535:23-52 - Error: export 'QualificationDetailsComponent' (imported as 'QualificationDetailsComponent') was not found in './qualification-details/qualification-details.component' (possible exports: addNonTeachingStaff_QualificationDetailsComponent)

./src/app/modules/staff/add_non-Teaching/add_non-Teaching.component.ts:536:23-49 - Error: export 'ExperienceDetailsComponent' (imported as 'ExperienceDetailsComponent') was not found in './experience-details/experience-details.component' (possible exports: MY_FORMATS, addNonTeachingStaff_ExperienceDetailsComponent)

./src/app/modules/staff/add_non-Teaching/add_non-Teaching.component.ts:537:23-46 - Error: export 'BankingDetailsComponent' (imported as 'BankingDetailsComponent') was not found in './banking-details/banking-details.component' (possible exports: addNonTeachingStaff_BankingDetailsComponent)

./src/app/modules/staff/add_non-Teaching/add_non-Teaching.component.ts:538:23-41 - Error: export 'DocumentsComponent' (imported as 'DocumentsComponent') was not found in './documents/documents.component' (possible exports: addNonTeachingStaff_DocumentsComponent)

./src/app/modules/staff/add_non-Teaching/add_non-Teaching.component.ts:539:23-47 - Error: export 'PersonalDetailsComponent' (imported as 'PersonalDetailsComponent') was not found in './personal-details/personal-details.component' (possible exports: addNonTeachingStaff_PersonalDetailsComponent)

./src/app/modules/staff/add_non-Teaching/add_non-Teaching.component.ts:540:23-48 - Error: export 'OtherInformationComponent' (imported as 'OtherInformationComponent') was not found in './other-information/other-information.component' (possible exports: addNonTeachingStaff_OtherInformationComponent)

Error: src/app/modules/staff/add_non-Teaching/add_non-Teaching.component.ts:10:10 - error TS2305: Module '"./core-information/core-information.component"' has no exported member 'CoreInformationComponent'.

10 import { CoreInformationComponent } from './core-information/core-information.component';
            ~~~~~~~~~~~~~~~~~~~~~~~~


Error: src/app/modules/staff/add_non-Teaching/add_non-Teaching.component.ts:11:10 - error TS2305: Module '"./communication-details/communication-details.component"' has no exported member 'CommunicationDetailsComponent'.

11 import { CommunicationDetailsComponent } from './communication-details/communication-details.component';
            ~~~~~~~~~~~~~~~~~~~~~~~~~~~~~


Error: src/app/modules/staff/add_non-Teaching/add_non-Teaching.component.ts:12:10 - error TS2305: Module '"./qualification-details/qualification-details.component"' has no exported member 'QualificationDetailsComponent'.

12 import { QualificationDetailsComponent } from './qualification-details/qualification-details.component';
            ~~~~~~~~~~~~~~~~~~~~~~~~~~~~~


Error: src/app/modules/staff/add_non-Teaching/add_non-Teaching.component.ts:13:10 - error TS2305: Module '"./experience-details/experience-details.component"' has no exported member 'ExperienceDetailsComponent'.

13 import { ExperienceDetailsComponent } from './experience-details/experience-details.component';
            ~~~~~~~~~~~~~~~~~~~~~~~~~~


Error: src/app/modules/staff/add_non-Teaching/add_non-Teaching.component.ts:14:10 - error TS2305: Module '"./banking-details/banking-details.component"' has no exported member 'BankingDetailsComponent'.

14 import { BankingDetailsComponent } from './banking-details/banking-details.component';
            ~~~~~~~~~~~~~~~~~~~~~~~


Error: src/app/modules/staff/add_non-Teaching/add_non-Teaching.component.ts:15:10 - error TS2305: Module '"./documents/documents.component"' has no exported member 'DocumentsComponent'.

15 import { DocumentsComponent } from './documents/documents.component';
            ~~~~~~~~~~~~~~~~~~


Error: src/app/modules/staff/add_non-Teaching/add_non-Teaching.component.ts:16:10 - error TS2305: Module '"./personal-details/personal-details.component"' has no exported member 'PersonalDetailsComponent'.

16 import { PersonalDetailsComponent } from './personal-details/personal-details.component';
            ~~~~~~~~~~~~~~~~~~~~~~~~


Error: src/app/modules/staff/add_non-Teaching/add_non-Teaching.component.ts:17:10 - error TS2305: Module '"./other-information/other-information.component"' has no exported member 'OtherInformationComponent'.

17 import { OtherInformationComponent } from './other-information/other-information.component';
            ~~~~~~~~~~~~~~~~~~~~~~~~~



√ Browser application bundle generation complete.

14 unchanged chunks

Build at: 2022-04-02T10:54:26.591Z - Hash: eb72b2c63ce617114a12 - Time: 2441ms

./src/app/modules/staff/add_non-Teaching/add_non-Teaching.component.ts:533:23-47 - Error: export 'CoreInformationComponent' (imported as 'CoreInformationComponent') was not found in './core-information/core-information.component' (possible exports: MY_FORMATS, addNonTeachingStaff_CoreInformationComponent)

./src/app/modules/staff/add_non-Teaching/add_non-Teaching.component.ts:534:23-52 - Error: export 'CommunicationDetailsComponent' (imported as 'CommunicationDetailsComponent') was not found in './communication-details/communication-details.component' (possible exports: addNonTeachingStaff_CommunicationDetailsComponent)

./src/app/modules/staff/add_non-Teaching/add_non-Teaching.component.ts:535:23-52 - Error: export 'QualificationDetailsComponent' (imported as 'QualificationDetailsComponent') was not found in './qualification-details/qualification-details.component' (possible exports: addNonTeachingStaff_QualificationDetailsComponent)

./src/app/modules/staff/add_non-Teaching/add_non-Teaching.component.ts:536:23-49 - Error: export 'ExperienceDetailsComponent' (imported as 'ExperienceDetailsComponent') was not found in './experience-details/experience-details.component' (possible exports: MY_FORMATS, addNonTeachingStaff_ExperienceDetailsComponent)

./src/app/modules/staff/add_non-Teaching/add_non-Teaching.component.ts:537:23-46 - Error: export 'BankingDetailsComponent' (imported as 'BankingDetailsComponent') was not found in './banking-details/banking-details.component' (possible exports: addNonTeachingStaff_BankingDetailsComponent)

./src/app/modules/staff/add_non-Teaching/add_non-Teaching.component.ts:538:23-41 - Error: export 'DocumentsComponent' (imported as 'DocumentsComponent') was not found in './documents/documents.component' (possible exports: addNonTeachingStaff_DocumentsComponent)

./src/app/modules/staff/add_non-Teaching/add_non-Teaching.component.ts:539:23-47 - Error: export 'PersonalDetailsComponent' (imported as 'PersonalDetailsComponent') was not found in './personal-details/personal-details.component' (possible exports: addNonTeachingStaff_PersonalDetailsComponent)

./src/app/modules/staff/add_non-Teaching/add_non-Teaching.component.ts:540:23-48 - Error: export 'OtherInformationComponent' (imported as 'OtherInformationComponent') was not found in './other-information/other-information.component' (possible exports: addNonTeachingStaff_OtherInformationComponent)

Error: src/app/modules/staff/add_non-Teaching/add_non-Teaching.component.ts:10:10 - error TS2305: Module '"./core-information/core-information.component"' has no exported member 'CoreInformationComponent'.

10 import { CoreInformationComponent } from './core-information/core-information.component';
            ~~~~~~~~~~~~~~~~~~~~~~~~


Error: src/app/modules/staff/add_non-Teaching/add_non-Teaching.component.ts:11:10 - error TS2305: Module '"./communication-details/communication-details.component"' has no exported member 'CommunicationDetailsComponent'.

11 import { CommunicationDetailsComponent } from './communication-details/communication-details.component';
            ~~~~~~~~~~~~~~~~~~~~~~~~~~~~~


Error: src/app/modules/staff/add_non-Teaching/add_non-Teaching.component.ts:12:10 - error TS2305: Module '"./qualification-details/qualification-details.component"' has no exported member 'QualificationDetailsComponent'.

12 import { QualificationDetailsComponent } from './qualification-details/qualification-details.component';
            ~~~~~~~~~~~~~~~~~~~~~~~~~~~~~


Error: src/app/modules/staff/add_non-Teaching/add_non-Teaching.component.ts:13:10 - error TS2305: Module '"./experience-details/experience-details.component"' has no exported member 'ExperienceDetailsComponent'.

13 import { ExperienceDetailsComponent } from './experience-details/experience-details.component';
            ~~~~~~~~~~~~~~~~~~~~~~~~~~


Error: src/app/modules/staff/add_non-Teaching/add_non-Teaching.component.ts:14:10 - error TS2305: Module '"./banking-details/banking-details.component"' has no exported member 'BankingDetailsComponent'.

14 import { BankingDetailsComponent } from './banking-details/banking-details.component';
            ~~~~~~~~~~~~~~~~~~~~~~~


Error: src/app/modules/staff/add_non-Teaching/add_non-Teaching.component.ts:15:10 - error TS2305: Module '"./documents/documents.component"' has no exported member 'DocumentsComponent'.

15 import { DocumentsComponent } from './documents/documents.component';
            ~~~~~~~~~~~~~~~~~~


Error: src/app/modules/staff/add_non-Teaching/add_non-Teaching.component.ts:16:10 - error TS2305: Module '"./personal-details/personal-details.component"' has no exported member 'PersonalDetailsComponent'.

16 import { PersonalDetailsComponent } from './personal-details/personal-details.component';
            ~~~~~~~~~~~~~~~~~~~~~~~~


Error: src/app/modules/staff/add_non-Teaching/add_non-Teaching.component.ts:17:10 - error TS2305: Module '"./other-information/other-information.component"' has no exported member 'OtherInformationComponent'.

17 import { OtherInformationComponent } from './other-information/other-information.component';
            ~~~~~~~~~~~~~~~~~~~~~~~~~



√ Browser application bundle generation complete.

Lazy Chunk Files                         | Names |      Size
src_app_modules_staff_staff_module_ts.js | -     | 230.94 kB

13 unchanged chunks

Build at: 2022-04-02T10:56:01.729Z - Hash: 5a6c0c8d94c4deb15f30 - Time: 8828ms

./src/app/modules/staff/add_non-Teaching/add_non-Teaching.component.ts:532:23-52 - Error: export 'CommunicationDetailsComponent' (imported as 'CommunicationDetailsComponent') was not found in './communication-details/communication-details.component' (possible exports: addNonTeachingStaff_CommunicationDetailsComponent)

./src/app/modules/staff/add_non-Teaching/add_non-Teaching.component.ts:533:23-52 - Error: export 'QualificationDetailsComponent' (imported as 'QualificationDetailsComponent') was not found in './qualification-details/qualification-details.component' (possible exports: addNonTeachingStaff_QualificationDetailsComponent)

./src/app/modules/staff/add_non-Teaching/add_non-Teaching.component.ts:534:23-49 - Error: export 'ExperienceDetailsComponent' (imported as 'ExperienceDetailsComponent') was not found in './experience-details/experience-details.component' (possible exports: MY_FORMATS, addNonTeachingStaff_ExperienceDetailsComponent)

./src/app/modules/staff/add_non-Teaching/add_non-Teaching.component.ts:535:23-46 - Error: export 'BankingDetailsComponent' (imported as 'BankingDetailsComponent') was not found in './banking-details/banking-details.component' (possible exports: addNonTeachingStaff_BankingDetailsComponent)

./src/app/modules/staff/add_non-Teaching/add_non-Teaching.component.ts:536:23-41 - Error: export 'DocumentsComponent' (imported as 'DocumentsComponent') was not found in './documents/documents.component' (possible exports: addNonTeachingStaff_DocumentsComponent)

./src/app/modules/staff/add_non-Teaching/add_non-Teaching.component.ts:537:23-47 - Error: export 'PersonalDetailsComponent' (imported as 'PersonalDetailsComponent') was not found in './personal-details/personal-details.component' (possible exports: addNonTeachingStaff_PersonalDetailsComponent)

./src/app/modules/staff/add_non-Teaching/add_non-Teaching.component.ts:538:23-48 - Error: export 'OtherInformationComponent' (imported as 'OtherInformationComponent') was not found in './other-information/other-information.component' (possible exports: addNonTeachingStaff_OtherInformationComponent)

Error: src/app/modules/staff/add_non-Teaching/add_non-Teaching.component.ts:11:10 - error TS2305: Module '"./communication-details/communication-details.component"' has no exported member 'CommunicationDetailsComponent'.

11 import { CommunicationDetailsComponent } from './communication-details/communication-details.component';
            ~~~~~~~~~~~~~~~~~~~~~~~~~~~~~


Error: src/app/modules/staff/add_non-Teaching/add_non-Teaching.component.ts:12:10 - error TS2305: Module '"./qualification-details/qualification-details.component"' has no exported member 'QualificationDetailsComponent'.

12 import { QualificationDetailsComponent } from './qualification-details/qualification-details.component';
            ~~~~~~~~~~~~~~~~~~~~~~~~~~~~~


Error: src/app/modules/staff/add_non-Teaching/add_non-Teaching.component.ts:13:10 - error TS2305: Module '"./experience-details/experience-details.component"' has no exported member 'ExperienceDetailsComponent'.

13 import { ExperienceDetailsComponent } from './experience-details/experience-details.component';
            ~~~~~~~~~~~~~~~~~~~~~~~~~~


Error: src/app/modules/staff/add_non-Teaching/add_non-Teaching.component.ts:14:10 - error TS2305: Module '"./banking-details/banking-details.component"' has no exported member 'BankingDetailsComponent'.

14 import { BankingDetailsComponent } from './banking-details/banking-details.component';
            ~~~~~~~~~~~~~~~~~~~~~~~


Error: src/app/modules/staff/add_non-Teaching/add_non-Teaching.component.ts:15:10 - error TS2305: Module '"./documents/documents.component"' has no exported member 'DocumentsComponent'.

15 import { DocumentsComponent } from './documents/documents.component';
            ~~~~~~~~~~~~~~~~~~


Error: src/app/modules/staff/add_non-Teaching/add_non-Teaching.component.ts:16:10 - error TS2305: Module '"./personal-details/personal-details.component"' has no exported member 'PersonalDetailsComponent'.

16 import { PersonalDetailsComponent } from './personal-details/personal-details.component';
            ~~~~~~~~~~~~~~~~~~~~~~~~


Error: src/app/modules/staff/add_non-Teaching/add_non-Teaching.component.ts:17:10 - error TS2305: Module '"./other-information/other-information.component"' has no exported member 'OtherInformationComponent'.

17 import { OtherInformationComponent } from './other-information/other-information.component';
            ~~~~~~~~~~~~~~~~~~~~~~~~~


Error: src/app/modules/staff/add_non-Teaching/add_non-Teaching.component.ts:64:16 - error TS2552: Cannot find name 'CoreInformationComponent'. Did you mean 'OtherInformationComponent'?

64     @ViewChild(CoreInformationComponent)
                  ~~~~~~~~~~~~~~~~~~~~~~~~


Error: src/app/modules/staff/add_non-Teaching/add_non-Teaching.component.ts:65:40 - error TS2304: Cannot find name 'CoreInformationComponent'.

65     private CoreInformationComponent!: CoreInformationComponent;
                                          ~~~~~~~~~~~~~~~~~~~~~~~~



√ Browser application bundle generation complete.

Lazy Chunk Files                         | Names |      Size
src_app_modules_staff_staff_module_ts.js | -     | 230.90 kB

13 unchanged chunks

Build at: 2022-04-02T10:56:12.634Z - Hash: ee23965973b724a5797a - Time: 7058ms

./src/app/modules/staff/add_non-Teaching/add_non-Teaching.component.ts:532:23-52 - Error: export 'QualificationDetailsComponent' (imported as 'QualificationDetailsComponent') was not found in './qualification-details/qualification-details.component' (possible exports: addNonTeachingStaff_QualificationDetailsComponent)

./src/app/modules/staff/add_non-Teaching/add_non-Teaching.component.ts:533:23-49 - Error: export 'ExperienceDetailsComponent' (imported as 'ExperienceDetailsComponent') was not found in './experience-details/experience-details.component' (possible exports: MY_FORMATS, addNonTeachingStaff_ExperienceDetailsComponent)

./src/app/modules/staff/add_non-Teaching/add_non-Teaching.component.ts:534:23-46 - Error: export 'BankingDetailsComponent' (imported as 'BankingDetailsComponent') was not found in './banking-details/banking-details.component' (possible exports: addNonTeachingStaff_BankingDetailsComponent)

./src/app/modules/staff/add_non-Teaching/add_non-Teaching.component.ts:535:23-41 - Error: export 'DocumentsComponent' (imported as 'DocumentsComponent') was not found in './documents/documents.component' (possible exports: addNonTeachingStaff_DocumentsComponent)

./src/app/modules/staff/add_non-Teaching/add_non-Teaching.component.ts:536:23-47 - Error: export 'PersonalDetailsComponent' (imported as 'PersonalDetailsComponent') was not found in './personal-details/personal-details.component' (possible exports: addNonTeachingStaff_PersonalDetailsComponent)

./src/app/modules/staff/add_non-Teaching/add_non-Teaching.component.ts:537:23-48 - Error: export 'OtherInformationComponent' (imported as 'OtherInformationComponent') was not found in './other-information/other-information.component' (possible exports: addNonTeachingStaff_OtherInformationComponent)

Error: src/app/modules/staff/add_non-Teaching/add_non-Teaching.component.ts:12:10 - error TS2305: Module '"./qualification-details/qualification-details.component"' has no exported member 'QualificationDetailsComponent'.

12 import { QualificationDetailsComponent } from './qualification-details/qualification-details.component';
            ~~~~~~~~~~~~~~~~~~~~~~~~~~~~~


Error: src/app/modules/staff/add_non-Teaching/add_non-Teaching.component.ts:13:10 - error TS2305: Module '"./experience-details/experience-details.component"' has no exported member 'ExperienceDetailsComponent'.

13 import { ExperienceDetailsComponent } from './experience-details/experience-details.component';
            ~~~~~~~~~~~~~~~~~~~~~~~~~~


Error: src/app/modules/staff/add_non-Teaching/add_non-Teaching.component.ts:14:10 - error TS2305: Module '"./banking-details/banking-details.component"' has no exported member 'BankingDetailsComponent'.

14 import { BankingDetailsComponent } from './banking-details/banking-details.component';
            ~~~~~~~~~~~~~~~~~~~~~~~


Error: src/app/modules/staff/add_non-Teaching/add_non-Teaching.component.ts:15:10 - error TS2305: Module '"./documents/documents.component"' has no exported member 'DocumentsComponent'.

15 import { DocumentsComponent } from './documents/documents.component';
            ~~~~~~~~~~~~~~~~~~


Error: src/app/modules/staff/add_non-Teaching/add_non-Teaching.component.ts:16:10 - error TS2305: Module '"./personal-details/personal-details.component"' has no exported member 'PersonalDetailsComponent'.

16 import { PersonalDetailsComponent } from './personal-details/personal-details.component';
            ~~~~~~~~~~~~~~~~~~~~~~~~


Error: src/app/modules/staff/add_non-Teaching/add_non-Teaching.component.ts:17:10 - error TS2305: Module '"./other-information/other-information.component"' has no exported member 'OtherInformationComponent'.

17 import { OtherInformationComponent } from './other-information/other-information.component';
            ~~~~~~~~~~~~~~~~~~~~~~~~~


Error: src/app/modules/staff/add_non-Teaching/add_non-Teaching.component.ts:64:16 - error TS2552: Cannot find name 'CoreInformationComponent'. Did you mean 'OtherInformationComponent'?

64     @ViewChild(CoreInformationComponent)
                  ~~~~~~~~~~~~~~~~~~~~~~~~


Error: src/app/modules/staff/add_non-Teaching/add_non-Teaching.component.ts:65:40 - error TS2304: Cannot find name 'CoreInformationComponent'.

65     private CoreInformationComponent!: CoreInformationComponent;
                                          ~~~~~~~~~~~~~~~~~~~~~~~~


Error: src/app/modules/staff/add_non-Teaching/add_non-Teaching.component.ts:67:16 - error TS2552: Cannot find name 'CommunicationDetailsComponent'. Did you mean 'QualificationDetailsComponent'?

67     @ViewChild(CommunicationDetailsComponent)
                  ~~~~~~~~~~~~~~~~~~~~~~~~~~~~~


Error: src/app/modules/staff/add_non-Teaching/add_non-Teaching.component.ts:68:45 - error TS2304: Cannot find name 'CommunicationDetailsComponent'.

68     private CommunicationDetailsComponent!: CommunicationDetailsComponent;
                                               ~~~~~~~~~~~~~~~~~~~~~~~~~~~~~



√ Browser application bundle generation complete.

Lazy Chunk Files                         | Names |      Size
src_app_modules_staff_staff_module_ts.js | -     | 230.86 kB

13 unchanged chunks

Build at: 2022-04-02T10:56:21.680Z - Hash: 6d30692de601692b179e - Time: 8096ms

./src/app/modules/staff/add_non-Teaching/add_non-Teaching.component.ts:532:23-49 - Error: export 'ExperienceDetailsComponent' (imported as 'ExperienceDetailsComponent') was not found in './experience-details/experience-details.component' (possible exports: MY_FORMATS, addNonTeachingStaff_ExperienceDetailsComponent)

./src/app/modules/staff/add_non-Teaching/add_non-Teaching.component.ts:533:23-46 - Error: export 'BankingDetailsComponent' (imported as 'BankingDetailsComponent') was not found in './banking-details/banking-details.component' (possible exports: addNonTeachingStaff_BankingDetailsComponent)

./src/app/modules/staff/add_non-Teaching/add_non-Teaching.component.ts:534:23-41 - Error: export 'DocumentsComponent' (imported as 'DocumentsComponent') was not found in './documents/documents.component' (possible exports: addNonTeachingStaff_DocumentsComponent)

./src/app/modules/staff/add_non-Teaching/add_non-Teaching.component.ts:535:23-47 - Error: export 'PersonalDetailsComponent' (imported as 'PersonalDetailsComponent') was not found in './personal-details/personal-details.component' (possible exports: addNonTeachingStaff_PersonalDetailsComponent)

./src/app/modules/staff/add_non-Teaching/add_non-Teaching.component.ts:536:23-48 - Error: export 'OtherInformationComponent' (imported as 'OtherInformationComponent') was not found in './other-information/other-information.component' (possible exports: addNonTeachingStaff_OtherInformationComponent)

Error: src/app/modules/staff/add_non-Teaching/add_non-Teaching.component.ts:13:10 - error TS2305: Module '"./experience-details/experience-details.component"' has no exported member 'ExperienceDetailsComponent'.

13 import { ExperienceDetailsComponent } from './experience-details/experience-details.component';
            ~~~~~~~~~~~~~~~~~~~~~~~~~~


Error: src/app/modules/staff/add_non-Teaching/add_non-Teaching.component.ts:14:10 - error TS2305: Module '"./banking-details/banking-details.component"' has no exported member 'BankingDetailsComponent'.

14 import { BankingDetailsComponent } from './banking-details/banking-details.component';
            ~~~~~~~~~~~~~~~~~~~~~~~


Error: src/app/modules/staff/add_non-Teaching/add_non-Teaching.component.ts:15:10 - error TS2305: Module '"./documents/documents.component"' has no exported member 'DocumentsComponent'.

15 import { DocumentsComponent } from './documents/documents.component';
            ~~~~~~~~~~~~~~~~~~


Error: src/app/modules/staff/add_non-Teaching/add_non-Teaching.component.ts:16:10 - error TS2305: Module '"./personal-details/personal-details.component"' has no exported member 'PersonalDetailsComponent'.

16 import { PersonalDetailsComponent } from './personal-details/personal-details.component';
            ~~~~~~~~~~~~~~~~~~~~~~~~


Error: src/app/modules/staff/add_non-Teaching/add_non-Teaching.component.ts:17:10 - error TS2305: Module '"./other-information/other-information.component"' has no exported member 'OtherInformationComponent'.

17 import { OtherInformationComponent } from './other-information/other-information.component';
            ~~~~~~~~~~~~~~~~~~~~~~~~~


Error: src/app/modules/staff/add_non-Teaching/add_non-Teaching.component.ts:64:16 - error TS2552: Cannot find name 'CoreInformationComponent'. Did you mean 'OtherInformationComponent'?

64     @ViewChild(CoreInformationComponent)
                  ~~~~~~~~~~~~~~~~~~~~~~~~


Error: src/app/modules/staff/add_non-Teaching/add_non-Teaching.component.ts:65:40 - error TS2304: Cannot find name 'CoreInformationComponent'.

65     private CoreInformationComponent!: CoreInformationComponent;
                                          ~~~~~~~~~~~~~~~~~~~~~~~~


Error: src/app/modules/staff/add_non-Teaching/add_non-Teaching.component.ts:67:16 - error TS2304: Cannot find name 'CommunicationDetailsComponent'.

67     @ViewChild(CommunicationDetailsComponent)
                  ~~~~~~~~~~~~~~~~~~~~~~~~~~~~~


Error: src/app/modules/staff/add_non-Teaching/add_non-Teaching.component.ts:68:45 - error TS2304: Cannot find name 'CommunicationDetailsComponent'.

68     private CommunicationDetailsComponent!: CommunicationDetailsComponent;
                                               ~~~~~~~~~~~~~~~~~~~~~~~~~~~~~


Error: src/app/modules/staff/add_non-Teaching/add_non-Teaching.component.ts:70:16 - error TS2304: Cannot find name 'QualificationDetailsComponent'.

70     @ViewChild(QualificationDetailsComponent)
                  ~~~~~~~~~~~~~~~~~~~~~~~~~~~~~


Error: src/app/modules/staff/add_non-Teaching/add_non-Teaching.component.ts:71:45 - error TS2304: Cannot find name 'QualificationDetailsComponent'.

71     private QualificationDetailsComponent!: QualificationDetailsComponent;
                                               ~~~~~~~~~~~~~~~~~~~~~~~~~~~~~



√ Browser application bundle generation complete.

Lazy Chunk Files                         | Names |      Size
src_app_modules_staff_staff_module_ts.js | -     | 230.82 kB

13 unchanged chunks

Build at: 2022-04-02T10:56:28.915Z - Hash: 5a3ab69f4766da01c3a5 - Time: 6518ms

./src/app/modules/staff/add_non-Teaching/add_non-Teaching.component.ts:532:23-46 - Error: export 'BankingDetailsComponent' (imported as 'BankingDetailsComponent') was not found in './banking-details/banking-details.component' (possible exports: addNonTeachingStaff_BankingDetailsComponent)

./src/app/modules/staff/add_non-Teaching/add_non-Teaching.component.ts:533:23-41 - Error: export 'DocumentsComponent' (imported as 'DocumentsComponent') was not found in './documents/documents.component' (possible exports: addNonTeachingStaff_DocumentsComponent)

./src/app/modules/staff/add_non-Teaching/add_non-Teaching.component.ts:534:23-47 - Error: export 'PersonalDetailsComponent' (imported as 'PersonalDetailsComponent') was not found in './personal-details/personal-details.component' (possible exports: addNonTeachingStaff_PersonalDetailsComponent)

./src/app/modules/staff/add_non-Teaching/add_non-Teaching.component.ts:535:23-48 - Error: export 'OtherInformationComponent' (imported as 'OtherInformationComponent') was not found in './other-information/other-information.component' (possible exports: addNonTeachingStaff_OtherInformationComponent)

Error: src/app/modules/staff/add_non-Teaching/add_non-Teaching.component.ts:14:10 - error TS2305: Module '"./banking-details/banking-details.component"' has no exported member 'BankingDetailsComponent'.

14 import { BankingDetailsComponent } from './banking-details/banking-details.component';
            ~~~~~~~~~~~~~~~~~~~~~~~


Error: src/app/modules/staff/add_non-Teaching/add_non-Teaching.component.ts:15:10 - error TS2305: Module '"./documents/documents.component"' has no exported member 'DocumentsComponent'.

15 import { DocumentsComponent } from './documents/documents.component';
            ~~~~~~~~~~~~~~~~~~


Error: src/app/modules/staff/add_non-Teaching/add_non-Teaching.component.ts:16:10 - error TS2305: Module '"./personal-details/personal-details.component"' has no exported member 'PersonalDetailsComponent'.

16 import { PersonalDetailsComponent } from './personal-details/personal-details.component';
            ~~~~~~~~~~~~~~~~~~~~~~~~


Error: src/app/modules/staff/add_non-Teaching/add_non-Teaching.component.ts:17:10 - error TS2305: Module '"./other-information/other-information.component"' has no exported member 'OtherInformationComponent'.

17 import { OtherInformationComponent } from './other-information/other-information.component';
            ~~~~~~~~~~~~~~~~~~~~~~~~~


Error: src/app/modules/staff/add_non-Teaching/add_non-Teaching.component.ts:64:16 - error TS2552: Cannot find name 'CoreInformationComponent'. Did you mean 'OtherInformationComponent'?

64     @ViewChild(CoreInformationComponent)
                  ~~~~~~~~~~~~~~~~~~~~~~~~


Error: src/app/modules/staff/add_non-Teaching/add_non-Teaching.component.ts:65:40 - error TS2304: Cannot find name 'CoreInformationComponent'.

65     private CoreInformationComponent!: CoreInformationComponent;
                                          ~~~~~~~~~~~~~~~~~~~~~~~~


Error: src/app/modules/staff/add_non-Teaching/add_non-Teaching.component.ts:67:16 - error TS2304: Cannot find name 'CommunicationDetailsComponent'.

67     @ViewChild(CommunicationDetailsComponent)
                  ~~~~~~~~~~~~~~~~~~~~~~~~~~~~~


Error: src/app/modules/staff/add_non-Teaching/add_non-Teaching.component.ts:68:45 - error TS2304: Cannot find name 'CommunicationDetailsComponent'.

68     private CommunicationDetailsComponent!: CommunicationDetailsComponent;
                                               ~~~~~~~~~~~~~~~~~~~~~~~~~~~~~


Error: src/app/modules/staff/add_non-Teaching/add_non-Teaching.component.ts:70:16 - error TS2304: Cannot find name 'QualificationDetailsComponent'.

70     @ViewChild(QualificationDetailsComponent)
                  ~~~~~~~~~~~~~~~~~~~~~~~~~~~~~


Error: src/app/modules/staff/add_non-Teaching/add_non-Teaching.component.ts:71:45 - error TS2304: Cannot find name 'QualificationDetailsComponent'.

71     private QualificationDetailsComponent!: QualificationDetailsComponent;
                                               ~~~~~~~~~~~~~~~~~~~~~~~~~~~~~


Error: src/app/modules/staff/add_non-Teaching/add_non-Teaching.component.ts:73:16 - error TS2552: Cannot find name 'ExperienceDetailsComponent'. Did you mean 'PersonalDetailsComponent'?

73     @ViewChild(ExperienceDetailsComponent)
                  ~~~~~~~~~~~~~~~~~~~~~~~~~~


Error: src/app/modules/staff/add_non-Teaching/add_non-Teaching.component.ts:74:42 - error TS2304: Cannot find name 'ExperienceDetailsComponent'.

74     private ExperienceDetailsComponent!: ExperienceDetailsComponent;
                                            ~~~~~~~~~~~~~~~~~~~~~~~~~~



√ Browser application bundle generation complete.

Lazy Chunk Files                         | Names |      Size
src_app_modules_staff_staff_module_ts.js | -     | 230.78 kB

13 unchanged chunks

Build at: 2022-04-02T10:57:12.722Z - Hash: a643c6936704de746e9d - Time: 7411ms

./src/app/modules/staff/add_non-Teaching/add_non-Teaching.component.ts:532:23-41 - Error: export 'DocumentsComponent' (imported as 'DocumentsComponent') was not found in './documents/documents.component' (possible exports: addNonTeachingStaff_DocumentsComponent)

./src/app/modules/staff/add_non-Teaching/add_non-Teaching.component.ts:533:23-47 - Error: export 'PersonalDetailsComponent' (imported as 'PersonalDetailsComponent') was not found in './personal-details/personal-details.component' (possible exports: addNonTeachingStaff_PersonalDetailsComponent)

./src/app/modules/staff/add_non-Teaching/add_non-Teaching.component.ts:534:23-48 - Error: export 'OtherInformationComponent' (imported as 'OtherInformationComponent') was not found in './other-information/other-information.component' (possible exports: addNonTeachingStaff_OtherInformationComponent)

Error: src/app/modules/staff/add_non-Teaching/add_non-Teaching.component.ts:15:10 - error TS2305: Module '"./documents/documents.component"' has no exported member 'DocumentsComponent'.

15 import { DocumentsComponent } from './documents/documents.component';
            ~~~~~~~~~~~~~~~~~~


Error: src/app/modules/staff/add_non-Teaching/add_non-Teaching.component.ts:16:10 - error TS2305: Module '"./personal-details/personal-details.component"' has no exported member 'PersonalDetailsComponent'.

16 import { PersonalDetailsComponent } from './personal-details/personal-details.component';
            ~~~~~~~~~~~~~~~~~~~~~~~~


Error: src/app/modules/staff/add_non-Teaching/add_non-Teaching.component.ts:17:10 - error TS2305: Module '"./other-information/other-information.component"' has no exported member 'OtherInformationComponent'.

17 import { OtherInformationComponent } from './other-information/other-information.component';
            ~~~~~~~~~~~~~~~~~~~~~~~~~


Error: src/app/modules/staff/add_non-Teaching/add_non-Teaching.component.ts:64:16 - error TS2552: Cannot find name 'CoreInformationComponent'. Did you mean 'OtherInformationComponent'?

64     @ViewChild(CoreInformationComponent)
                  ~~~~~~~~~~~~~~~~~~~~~~~~


Error: src/app/modules/staff/add_non-Teaching/add_non-Teaching.component.ts:65:40 - error TS2304: Cannot find name 'CoreInformationComponent'.

65     private CoreInformationComponent!: CoreInformationComponent;
                                          ~~~~~~~~~~~~~~~~~~~~~~~~


Error: src/app/modules/staff/add_non-Teaching/add_non-Teaching.component.ts:67:16 - error TS2304: Cannot find name 'CommunicationDetailsComponent'.

67     @ViewChild(CommunicationDetailsComponent)
                  ~~~~~~~~~~~~~~~~~~~~~~~~~~~~~


Error: src/app/modules/staff/add_non-Teaching/add_non-Teaching.component.ts:68:45 - error TS2304: Cannot find name 'CommunicationDetailsComponent'.

68     private CommunicationDetailsComponent!: CommunicationDetailsComponent;
                                               ~~~~~~~~~~~~~~~~~~~~~~~~~~~~~


Error: src/app/modules/staff/add_non-Teaching/add_non-Teaching.component.ts:70:16 - error TS2304: Cannot find name 'QualificationDetailsComponent'.

70     @ViewChild(QualificationDetailsComponent)
                  ~~~~~~~~~~~~~~~~~~~~~~~~~~~~~


Error: src/app/modules/staff/add_non-Teaching/add_non-Teaching.component.ts:71:45 - error TS2304: Cannot find name 'QualificationDetailsComponent'.

71     private QualificationDetailsComponent!: QualificationDetailsComponent;
                                               ~~~~~~~~~~~~~~~~~~~~~~~~~~~~~


Error: src/app/modules/staff/add_non-Teaching/add_non-Teaching.component.ts:73:16 - error TS2552: Cannot find name 'ExperienceDetailsComponent'. Did you mean 'PersonalDetailsComponent'?

73     @ViewChild(ExperienceDetailsComponent)
                  ~~~~~~~~~~~~~~~~~~~~~~~~~~


Error: src/app/modules/staff/add_non-Teaching/add_non-Teaching.component.ts:74:42 - error TS2304: Cannot find name 'ExperienceDetailsComponent'.

74     private ExperienceDetailsComponent!: ExperienceDetailsComponent;
                                            ~~~~~~~~~~~~~~~~~~~~~~~~~~


Error: src/app/modules/staff/add_non-Teaching/add_non-Teaching.component.ts:76:16 - error TS2304: Cannot find name 'BankingDetailsComponent'.

76     @ViewChild(BankingDetailsComponent)
                  ~~~~~~~~~~~~~~~~~~~~~~~


Error: src/app/modules/staff/add_non-Teaching/add_non-Teaching.component.ts:77:39 - error TS2304: Cannot find name 'BankingDetailsComponent'.

77     private BankingDetailsComponent!: BankingDetailsComponent;
                                         ~~~~~~~~~~~~~~~~~~~~~~~



√ Browser application bundle generation complete.

Lazy Chunk Files                         | Names |      Size
src_app_modules_staff_staff_module_ts.js | -     | 230.74 kB

13 unchanged chunks

Build at: 2022-04-02T10:57:24.390Z - Hash: 127148d1033094842a1a - Time: 6152ms

./src/app/modules/staff/add_non-Teaching/add_non-Teaching.component.ts:532:23-47 - Error: export 'PersonalDetailsComponent' (imported as 'PersonalDetailsComponent') was not found in './personal-details/personal-details.component' (possible exports: addNonTeachingStaff_PersonalDetailsComponent)

./src/app/modules/staff/add_non-Teaching/add_non-Teaching.component.ts:533:23-48 - Error: export 'OtherInformationComponent' (imported as 'OtherInformationComponent') was not found in './other-information/other-information.component' (possible exports: addNonTeachingStaff_OtherInformationComponent)

Error: src/app/modules/staff/add_non-Teaching/add_non-Teaching.component.ts:16:10 - error TS2305: Module '"./personal-details/personal-details.component"' has no exported member 'PersonalDetailsComponent'.

16 import { PersonalDetailsComponent } from './personal-details/personal-details.component';
            ~~~~~~~~~~~~~~~~~~~~~~~~


Error: src/app/modules/staff/add_non-Teaching/add_non-Teaching.component.ts:17:10 - error TS2305: Module '"./other-information/other-information.component"' has no exported member 'OtherInformationComponent'.

17 import { OtherInformationComponent } from './other-information/other-information.component';
            ~~~~~~~~~~~~~~~~~~~~~~~~~


Error: src/app/modules/staff/add_non-Teaching/add_non-Teaching.component.ts:64:16 - error TS2552: Cannot find name 'CoreInformationComponent'. Did you mean 'OtherInformationComponent'?

64     @ViewChild(CoreInformationComponent)
                  ~~~~~~~~~~~~~~~~~~~~~~~~


Error: src/app/modules/staff/add_non-Teaching/add_non-Teaching.component.ts:65:40 - error TS2304: Cannot find name 'CoreInformationComponent'.

65     private CoreInformationComponent!: CoreInformationComponent;
                                          ~~~~~~~~~~~~~~~~~~~~~~~~


Error: src/app/modules/staff/add_non-Teaching/add_non-Teaching.component.ts:67:16 - error TS2304: Cannot find name 'CommunicationDetailsComponent'.

67     @ViewChild(CommunicationDetailsComponent)
                  ~~~~~~~~~~~~~~~~~~~~~~~~~~~~~


Error: src/app/modules/staff/add_non-Teaching/add_non-Teaching.component.ts:68:45 - error TS2304: Cannot find name 'CommunicationDetailsComponent'.

68     private CommunicationDetailsComponent!: CommunicationDetailsComponent;
                                               ~~~~~~~~~~~~~~~~~~~~~~~~~~~~~


Error: src/app/modules/staff/add_non-Teaching/add_non-Teaching.component.ts:70:16 - error TS2304: Cannot find name 'QualificationDetailsComponent'.

70     @ViewChild(QualificationDetailsComponent)
                  ~~~~~~~~~~~~~~~~~~~~~~~~~~~~~


Error: src/app/modules/staff/add_non-Teaching/add_non-Teaching.component.ts:71:45 - error TS2304: Cannot find name 'QualificationDetailsComponent'.

71     private QualificationDetailsComponent!: QualificationDetailsComponent;
                                               ~~~~~~~~~~~~~~~~~~~~~~~~~~~~~


Error: src/app/modules/staff/add_non-Teaching/add_non-Teaching.component.ts:73:16 - error TS2552: Cannot find name 'ExperienceDetailsComponent'. Did you mean 'PersonalDetailsComponent'?

73     @ViewChild(ExperienceDetailsComponent)
                  ~~~~~~~~~~~~~~~~~~~~~~~~~~


Error: src/app/modules/staff/add_non-Teaching/add_non-Teaching.component.ts:74:42m - error TS2304: Cannot find name 'ExperienceDetailsComponent'.

74     private ExperienceDetailsComponent!: ExperienceDetailsComponent;
                                            ~~~~~~~~~~~~~~~~~~~~~~~~~~


Error: src/app/modules/staff/add_non-Teaching/add_non-Teaching.component.ts:76:16 - error TS2304: Cannot find name 'BankingDetailsComponent'.

76     @ViewChild(BankingDetailsComponent)
                  ~~~~~~~~~~~~~~~~~~~~~~~


Error: src/app/modules/staff/add_non-Teaching/add_non-Teaching.component.ts:77:39 - error TS2304: Cannot find name 'BankingDetailsComponent'.

77     private BankingDetailsComponent!: BankingDetailsComponent;
                                         ~~~~~~~~~~~~~~~~~~~~~~~


Error: src/app/modules/staff/add_non-Teaching/add_non-Teaching.component.ts:79:16 - error TS2304: Cannot find name 'DocumentsComponent'.

79     @ViewChild(DocumentsComponent)
                  ~~~~~~~~~~~~~~~~~~


Error: src/app/modules/staff/add_non-Teaching/add_non-Teaching.component.ts:80:34 - error TS2304: Cannot find name 'DocumentsComponent'.

80     private DocumentsComponent!: DocumentsComponent;
                                    ~~~~~~~~~~~~~~~~~~



√ Browser application bundle generation complete.

Lazy Chunk Files                         | Names |      Size
src_app_modules_staff_staff_module_ts.js | -     | 230.70 kB

13 unchanged chunks

Build at: 2022-04-02T10:57:35.467Z - Hash: 8674d30dec10c54fda9a - Time: 7087ms

./src/app/modules/staff/add_non-Teaching/add_non-Teaching.component.ts:532:23-48 - Error: export 'OtherInformationComponent' (imported as 'OtherInformationComponent') was not found in './other-information/other-information.component' (possible exports: addNonTeachingStaff_OtherInformationComponent)

Error: src/app/modules/staff/add_non-Teaching/add_non-Teaching.component.ts:17:10 - error TS2305: Module '"./other-information/other-information.component"' has no exported member 'OtherInformationComponent'.

17 import { OtherInformationComponent } from './other-information/other-information.component';
            ~~~~~~~~~~~~~~~~~~~~~~~~~


Error: src/app/modules/staff/add_non-Teaching/add_non-Teaching.component.ts:64:16 - error TS2552: Cannot find name 'CoreInformationComponent'. Did you mean 'OtherInformationComponent'?

64     @ViewChild(CoreInformationComponent)
                  ~~~~~~~~~~~~~~~~~~~~~~~~


Error: src/app/modules/staff/add_non-Teaching/add_non-Teaching.component.ts:65:40 - error TS2304: Cannot find name 'CoreInformationComponent'.

65     private CoreInformationComponent!: CoreInformationComponent;
                                          ~~~~~~~~~~~~~~~~~~~~~~~~


Error: src/app/modules/staff/add_non-Teaching/add_non-Teaching.component.ts:67:16 - error TS2304: Cannot find name 'CommunicationDetailsComponent'.

67     @ViewChild(CommunicationDetailsComponent)
                  ~~~~~~~~~~~~~~~~~~~~~~~~~~~~~


Error: src/app/modules/staff/add_non-Teaching/add_non-Teaching.component.ts:68:45 - error TS2304: Cannot find name 'CommunicationDetailsComponent'.

68     private CommunicationDetailsComponent!: CommunicationDetailsComponent;
                                               ~~~~~~~~~~~~~~~~~~~~~~~~~~~~~


Error: src/app/modules/staff/add_non-Teaching/add_non-Teaching.component.ts:70:16 - error TS2304: Cannot find name 'QualificationDetailsComponent'.

70     @ViewChild(QualificationDetailsComponent)
                  ~~~~~~~~~~~~~~~~~~~~~~~~~~~~~


Error: src/app/modules/staff/add_non-Teaching/add_non-Teaching.component.ts:71:45 - error TS2304: Cannot find name 'QualificationDetailsComponent'.

71     private QualificationDetailsComponent!: QualificationDetailsComponent;
                                               ~~~~~~~~~~~~~~~~~~~~~~~~~~~~~


Error: src/app/modules/staff/add_non-Teaching/add_non-Teaching.component.ts:73:16 - error TS2304: Cannot find name 'ExperienceDetailsComponent'.

73     @ViewChild(ExperienceDetailsComponent)
                  ~~~~~~~~~~~~~~~~~~~~~~~~~~


Error: src/app/modules/staff/add_non-Teaching/add_non-Teaching.component.ts:74:42 - error TS2304: Cannot find name 'ExperienceDetailsComponent'.

74     private ExperienceDetailsComponent!: ExperienceDetailsComponent;
                                            ~~~~~~~~~~~~~~~~~~~~~~~~~~


Error: src/app/modules/staff/add_non-Teaching/add_non-Teaching.component.ts:76:16 - error TS2304: Cannot find name 'BankingDetailsComponent'.

76     @ViewChild(BankingDetailsComponent)
                  ~~~~~~~~~~~~~~~~~~~~~~~


Error: src/app/modules/staff/add_non-Teaching/add_non-Teaching.component.ts:77:39 - error TS2304: Cannot find name 'BankingDetailsComponent'.

77     private BankingDetailsComponent!: BankingDetailsComponent;
                                         ~~~~~~~~~~~~~~~~~~~~~~~


Error: src/app/modules/staff/add_non-Teaching/add_non-Teaching.component.ts:79:16 - error TS2304: Cannot find name 'DocumentsComponent'.

79     @ViewChild(DocumentsComponent)
                  ~~~~~~~~~~~~~~~~~~


Error: src/app/modules/staff/add_non-Teaching/add_non-Teaching.component.ts:80:34 - error TS2304: Cannot find name 'DocumentsComponent'.

80     private DocumentsComponent!: DocumentsComponent;
                                    ~~~~~~~~~~~~~~~~~~


Error: src/app/modules/staff/add_non-Teaching/add_non-Teaching.component.ts:82:16 - error TS2304: Cannot find name 'PersonalDetailsComponent'.

82     @ViewChild(PersonalDetailsComponent)
                  ~~~~~~~~~~~~~~~~~~~~~~~~


Error: src/app/modules/staff/add_non-Teaching/add_non-Teaching.component.ts:83:40 - error TS2304: Cannot find name 'PersonalDetailsComponent'.

83     private PersonalDetailsComponent!: PersonalDetailsComponent;
                                          ~~~~~~~~~~~~~~~~~~~~~~~~



√ Browser application bundle generation complete.

Lazy Chunk Files                         | Names |      Size
src_app_modules_staff_staff_module_ts.js | -     | 230.66 kB

13 unchanged chunks

Build at: 2022-04-02T10:57:41.620Z - Hash: 8978c3fd2d7d25f5fd9d - Time: 5438ms

Error: src/app/modules/staff/add_non-Teaching/add_non-Teaching.component.ts:64:16 - error TS2304: Cannot find name 'CoreInformationComponent'.

64     @ViewChild(CoreInformationComponent)
                  ~~~~~~~~~~~~~~~~~~~~~~~~


Error: src/app/modules/staff/add_non-Teaching/add_non-Teaching.component.ts:65:40 - error TS2304: Cannot find name 'CoreInformationComponent'.

65     private CoreInformationComponent!: CoreInformationComponent;
                                          ~~~~~~~~~~~~~~~~~~~~~~~~


Error: src/app/modules/staff/add_non-Teaching/add_non-Teaching.component.ts:67:16 - error TS2304: Cannot find name 'CommunicationDetailsComponent'.

67     @ViewChild(CommunicationDetailsComponent)
                  ~~~~~~~~~~~~~~~~~~~~~~~~~~~~~


Error: src/app/modules/staff/add_non-Teaching/add_non-Teaching.component.ts:68:45 - error TS2304: Cannot find name 'CommunicationDetailsComponent'.

68     private CommunicationDetailsComponent!: CommunicationDetailsComponent;
                                               ~~~~~~~~~~~~~~~~~~~~~~~~~~~~~


Error: src/app/modules/staff/add_non-Teaching/add_non-Teaching.component.ts:70:16 - error TS2304: Cannot find name 'QualificationDetailsComponent'.

70     @ViewChild(QualificationDetailsComponent)
                  ~~~~~~~~~~~~~~~~~~~~~~~~~~~~~


Error: src/app/modules/staff/add_non-Teaching/add_non-Teaching.component.ts:71:45 - error TS2304: Cannot find name 'QualificationDetailsComponent'.

71     private QualificationDetailsComponent!: QualificationDetailsComponent;
                                               ~~~~~~~~~~~~~~~~~~~~~~~~~~~~~


Error: src/app/modules/staff/add_non-Teaching/add_non-Teaching.component.ts:73:16 - error TS2304: Cannot find name 'ExperienceDetailsComponent'.

73     @ViewChild(ExperienceDetailsComponent)
                  ~~~~~~~~~~~~~~~~~~~~~~~~~~


Error: src/app/modules/staff/add_non-Teaching/add_non-Teaching.component.ts:74:42 - error TS2304: Cannot find name 'ExperienceDetailsComponent'.

74     private ExperienceDetailsComponent!: ExperienceDetailsComponent;
                                            ~~~~~~~~~~~~~~~~~~~~~~~~~~


Error: src/app/modules/staff/add_non-Teaching/add_non-Teaching.component.ts:76:16 - error TS2304: Cannot find name 'BankingDetailsComponent'.

76     @ViewChild(BankingDetailsComponent)
                  ~~~~~~~~~~~~~~~~~~~~~~~


Error: src/app/modules/staff/add_non-Teaching/add_non-Teaching.component.ts:77:39 - error TS2304: Cannot find name 'BankingDetailsComponent'.

77     private BankingDetailsComponent!: BankingDetailsComponent;
                                         ~~~~~~~~~~~~~~~~~~~~~~~


Error: src/app/modules/staff/add_non-Teaching/add_non-Teaching.component.ts:79:16 - error TS2304: Cannot find name 'DocumentsComponent'.

79     @ViewChild(DocumentsComponent)
                  ~~~~~~~~~~~~~~~~~~


Error: src/app/modules/staff/add_non-Teaching/add_non-Teaching.component.ts:80:34 - error TS2304: Cannot find name 'DocumentsComponent'.

80     private DocumentsComponent!: DocumentsComponent;
                                    ~~~~~~~~~~~~~~~~~~


Error: src/app/modules/staff/add_non-Teaching/add_non-Teaching.component.ts:82:16 - error TS2304: Cannot find name 'PersonalDetailsComponent'.

82     @ViewChild(PersonalDetailsComponent)
                  ~~~~~~~~~~~~~~~~~~~~~~~~


Error: src/app/modules/staff/add_non-Teaching/add_non-Teaching.component.ts:83:40 - error TS2304: Cannot find name 'PersonalDetailsComponent'.

83     private PersonalDetailsComponent!: PersonalDetailsComponent;
                                          ~~~~~~~~~~~~~~~~~~~~~~~~


Error: src/app/modules/staff/add_non-Teaching/add_non-Teaching.component.ts:85:16 - error TS2304: Cannot find name 'OtherInformationComponent'.

85     @ViewChild(OtherInformationComponent)
                  ~~~~~~~~~~~~~~~~~~~~~~~~~


Error: src/app/modules/staff/add_non-Teaching/add_non-Teaching.component.ts:86:41 - error TS2304: Cannot find name 'OtherInformationComponent'.

86     private OtherInformationComponent!: OtherInformationComponent;
                                           ~~~~~~~~~~~~~~~~~~~~~~~~~



√ Browser application bundle generation complete.

Lazy Chunk Files                         | Names |      Size
src_app_modules_staff_staff_module_ts.js | -     | 230.66 kB

13 unchanged chunks

Build at: 2022-04-02T10:58:28.591Z - Hash: 0a432f40137b20fde4fa - Time: 7616ms

Error: src/app/modules/staff/add_non-Teaching/add_non-Teaching.component.ts:64:16 - error TS2304: Cannot find name 'CoreInformationComponent'.

64     @ViewChild(CoreInformationComponent)
                  ~~~~~~~~~~~~~~~~~~~~~~~~


Error: src/app/modules/staff/add_non-Teaching/add_non-Teaching.component.ts:67:16 - error TS2304: Cannot find name 'CommunicationDetailsComponent'.

67     @ViewChild(CommunicationDetailsComponent)
                  ~~~~~~~~~~~~~~~~~~~~~~~~~~~~~


Error: src/app/modules/staff/add_non-Teaching/add_non-Teaching.component.ts:68:45 - error TS2304: Cannot find name 'CommunicationDetailsComponent'.

68     private CommunicationDetailsComponent!: CommunicationDetailsComponent;
                                               ~~~~~~~~~~~~~~~~~~~~~~~~~~~~~


Error: src/app/modules/staff/add_non-Teaching/add_non-Teaching.component.ts:70:16 - error TS2304: Cannot find name 'QualificationDetailsComponent'.

70     @ViewChild(QualificationDetailsComponent)
                  ~~~~~~~~~~~~~~~~~~~~~~~~~~~~~


Error: src/app/modules/staff/add_non-Teaching/add_non-Teaching.component.ts:71:45 - error TS2304: Cannot find name 'QualificationDetailsComponent'.

71     private QualificationDetailsComponent!: QualificationDetailsComponent;
                                               ~~~~~~~~~~~~~~~~~~~~~~~~~~~~~


Error: src/app/modules/staff/add_non-Teaching/add_non-Teaching.component.ts:73:16 - error TS2304: Cannot find name 'ExperienceDetailsComponent'.

73     @ViewChild(ExperienceDetailsComponent)
                  ~~~~~~~~~~~~~~~~~~~~~~~~~~


Error: src/app/modules/staff/add_non-Teaching/add_non-Teaching.component.ts:74:42 - error TS2304: Cannot find name 'ExperienceDetailsComponent'.

74     private ExperienceDetailsComponent!: ExperienceDetailsComponent;
                                            ~~~~~~~~~~~~~~~~~~~~~~~~~~


Error: src/app/modules/staff/add_non-Teaching/add_non-Teaching.component.ts:76:16 - error TS2304: Cannot find name 'BankingDetailsComponent'.

76     @ViewChild(BankingDetailsComponent)
                  ~~~~~~~~~~~~~~~~~~~~~~~


Error: src/app/modules/staff/add_non-Teaching/add_non-Teaching.component.ts:77:39 - error TS2304: Cannot find name 'BankingDetailsComponent'.

77     private BankingDetailsComponent!: BankingDetailsComponent;
                                         ~~~~~~~~~~~~~~~~~~~~~~~


Error: src/app/modules/staff/add_non-Teaching/add_non-Teaching.component.ts:79:16 - error TS2304: Cannot find name 'DocumentsComponent'.

79     @ViewChild(DocumentsComponent)
                  ~~~~~~~~~~~~~~~~~~


Error: src/app/modules/staff/add_non-Teaching/add_non-Teaching.component.ts:80:34 - error TS2304: Cannot find name 'DocumentsComponent'.

80     private DocumentsComponent!: DocumentsComponent;
                                    ~~~~~~~~~~~~~~~~~~


Error: src/app/modules/staff/add_non-Teaching/add_non-Teaching.component.ts:82:16 - error TS2304: Cannot find name 'PersonalDetailsComponent'.

82     @ViewChild(PersonalDetailsComponent)
                  ~~~~~~~~~~~~~~~~~~~~~~~~


Error: src/app/modules/staff/add_non-Teaching/add_non-Teaching.component.ts:83:40 - error TS2304: Cannot find name 'PersonalDetailsComponent'.

83     private PersonalDetailsComponent!: PersonalDetailsComponent;
                                          ~~~~~~~~~~~~~~~~~~~~~~~~


Error: src/app/modules/staff/add_non-Teaching/add_non-Teaching.component.ts:85:16 - error TS2304: Cannot find name 'OtherInformationComponent'.

85     @ViewChild(OtherInformationComponent)
                  ~~~~~~~~~~~~~~~~~~~~~~~~~


Error: src/app/modules/staff/add_non-Teaching/add_non-Teaching.component.ts:86:41 - error TS2304: Cannot find name 'OtherInformationComponent'.

86     private OtherInformationComponent!: OtherInformationComponent;
                                           ~~~~~~~~~~~~~~~~~~~~~~~~~



√ Browser application bundle generation complete.

Lazy Chunk Files                         | Names |      Size
src_app_modules_staff_staff_module_ts.js | -     | 230.73 kB

13 unchanged chunks

Build at: 2022-04-02T10:58:46.078Z - Hash: 154751a782839326f5df - Time: 6942ms

Error: src/app/modules/staff/add_non-Teaching/add_non-Teaching.component.ts:64:16 - error TS2304: Cannot find name 'CoreInformationComponent'.

64     @ViewChild(CoreInformationComponent)
                  ~~~~~~~~~~~~~~~~~~~~~~~~


Error: src/app/modules/staff/add_non-Teaching/add_non-Teaching.component.ts:67:16 - error TS2304: Cannot find name 'CommunicationDetailsComponent'.

67     @ViewChild(CommunicationDetailsComponent)
                  ~~~~~~~~~~~~~~~~~~~~~~~~~~~~~


Error: src/app/modules/staff/add_non-Teaching/add_non-Teaching.component.ts:68:89 - error TS2304: Cannot find name 'CommunicationDetailsComponent'.

68     private CommunicationDetaaddNonTeachingStaff_CoreInformationComponentilsComponent!: CommunicationDetailsComponent;
                                                                                           ~~~~~~~~~~~~~~~~~~~~~~~~~~~~~


Error: src/app/modules/staff/add_non-Teaching/add_non-Teaching.component.ts:70:16 - error TS2304: Cannot find name 'QualificationDetailsComponent'.

70     @ViewChild(QualificationDetailsComponent)
                  ~~~~~~~~~~~~~~~~~~~~~~~~~~~~~


Error: src/app/modules/staff/add_non-Teaching/add_non-Teaching.component.ts:71:45 - error TS2304: Cannot find name 'QualificationDetailsComponent'.

71     private QualificationDetailsComponent!: QualificationDetailsComponent;
                                               ~~~~~~~~~~~~~~~~~~~~~~~~~~~~~


Error: src/app/modules/staff/add_non-Teaching/add_non-Teaching.component.ts:73:16 - error TS2304: Cannot find name 'ExperienceDetailsComponent'.

73[0m     @ViewChild(ExperienceDetailsComponent)
                  ~~~~~~~~~~~~~~~~~~~~~~~~~~


Error: src/app/modules/staff/add_non-Teaching/add_non-Teaching.component.ts:74:42 - error TS2304: Cannot find name 'ExperienceDetailsComponent'.

74     private ExperienceDetailsComponent!: ExperienceDetailsComponent;
                                            ~~~~~~~~~~~~~~~~~~~~~~~~~~


Error: src/app/modules/staff/add_non-Teaching/add_non-Teaching.component.ts:76:16 - error TS2304: Cannot find name 'BankingDetailsComponent'.

76     @ViewChild(BankingDetailsComponent)
                  ~~~~~~~~~~~~~~~~~~~~~~~


Error: src/app/modules/staff/add_non-Teaching/add_non-Teaching.component.ts:77:39 - error TS2304: Cannot find name 'BankingDetailsComponent'.

77     private BankingDetailsComponent!: BankingDetailsComponent;
                                         ~~~~~~~~~~~~~~~~~~~~~~~


Error: src/app/modules/staff/add_non-Teaching/add_non-Teaching.component.ts:79:16 - error TS2304: Cannot find name 'DocumentsComponent'.

79     @ViewChild(DocumentsComponent)
                  ~~~~~~~~~~~~~~~~~~


Error: src/app/modules/staff/add_non-Teaching/add_non-Teaching.component.ts:80:34 - error TS2304: Cannot find name 'DocumentsComponent'.

80     private DocumentsComponent!: DocumentsComponent;
                                    ~~~~~~~~~~~~~~~~~~


Error: src/app/modules/staff/add_non-Teaching/add_non-Teaching.component.ts:82:16 - error TS2304: Cannot find name 'PersonalDetailsComponent'.

82     @ViewChild(PersonalDetailsComponent)
                  ~~~~~~~~~~~~~~~~~~~~~~~~


Error: src/app/modules/staff/add_non-Teaching/add_non-Teaching.component.ts:83:40 - error TS2304: Cannot find name 'PersonalDetailsComponent'.

83     private PersonalDetailsComponent!: PersonalDetailsComponent;
                                          ~~~~~~~~~~~~~~~~~~~~~~~~


Error: src/app/modules/staff/add_non-Teaching/add_non-Teaching.component.ts:85:16 - error TS2304: Cannot find name 'OtherInformationComponent'.

85     @ViewChild(OtherInformationComponent)
                  ~~~~~~~~~~~~~~~~~~~~~~~~~


Error: src/app/modules/staff/add_non-Teaching/add_non-Teaching.component.ts:86:41 - error TS2304: Cannot find name 'OtherInformationComponent'.

86     private OtherInformationComponent!: OtherInformationComponent;
                                           ~~~~~~~~~~~~~~~~~~~~~~~~~


Error: src/app/modules/staff/add_non-Teaching/add_non-Teaching.component.ts:122:37 - error TS2551: Property 'CoreInformationComponent' does not exist on type 'addNonTeachingStaffComponent'. Did you mean 'OtherInformationComponent'?

122         this.CoreInformation = this.CoreInformationComponent.CoreInformation;
                                        ~~~~~~~~~~~~~~~~~~~~~~~~

  src/app/modules/staff/add_non-Teaching/add_non-Teaching.component.ts:86:13
    86     private OtherInformationComponent!: OtherInformationComponent;
                   ~~~~~~~~~~~~~~~~~~~~~~~~~
    'OtherInformationComponent' is declared here.


Error: src/app/modules/staff/add_non-Teaching/add_non-Teaching.component.ts:123:42 - error TS2551: Property 'CommunicationDetailsComponent' does not exist on type 'addNonTeachingStaffComponent'. Did you mean 'QualificationDetailsComponent'?

123         this.CommunicationDetails = this.CommunicationDetailsComponent.CommunicationDetails;
                                             ~~~~~~~~~~~~~~~~~~~~~~~~~~~~~

  src/app/modules/staff/add_non-Teaching/add_non-Teaching.component.ts:71:13
    71     private QualificationDetailsComponent!: QualificationDetailsComponent;
                   ~~~~~~~~~~~~~~~~~~~~~~~~~~~~~
    'QualificationDetailsComponent' is declared here.


Error: src/app/modules/staff/add_non-Teaching/add_non-Teaching.component.ts:138:18 - error TS2551: Property 'CommunicationDetailsComponent' does not exist on type 'addNonTeachingStaffComponent'. Did you mean 'QualificationDetailsComponent'?

138             this.CommunicationDetailsComponent.CommunicationDetails.get('VUEmailID').setValue(email)
                     ~~~~~~~~~~~~~~~~~~~~~~~~~~~~~

  src/app/modules/staff/add_non-Teaching/add_non-Teaching.component.ts:71:13
    71     private QualificationDetailsComponent!: QualificationDetailsComponent;
                   ~~~~~~~~~~~~~~~~~~~~~~~~~~~~~
    'QualificationDetailsComponent' is declared here.


Error: src/app/modules/staff/add_non-Teaching/add_non-Teaching.component.ts:144:18 - error TS2551: Property 'CommunicationDetailsComponent' does not exist on type 'addNonTeachingStaffComponent'. Did you mean 'QualificationDetailsComponent'?

144             this.CommunicationDetailsComponent.CommunicationDetails.get('VUEmailID').setValue(email)
                     ~~~~~~~~~~~~~~~~~~~~~~~~~~~~~

  src/app/modules/staff/add_non-Teaching/add_non-Teaching.component.ts:m71:13
    71     private QualificationDetailsComponent!: QualificationDetailsComponent;
                   ~~~~~~~~~~~~~~~~~~~~~~~~~~~~~
    'QualificationDetailsComponent' is declared here.


Error: src/app/modules/staff/add_non-Teaching/add_non-Teaching.component.ts:151:22 - error TS2551: Property 'CoreInformationComponent' does not exist on type 'addNonTeachingStaffComponent'. Did you mean 'OtherInformationComponent'?

151                 this.CoreInformationComponent.CoreInformation.controls.employmentNumber.setValue(res.employmentNumber);
                         ~~~~~~~~~~~~~~~~~~~~~~~~

  src/app/modules/staff/add_non-Teaching/add_non-Teaching.component.ts:86:13
    86     private OtherInformationComponent!: OtherInformationComponent;
                   ~~~~~~~~~~~~~~~~~~~~~~~~~
    'OtherInformationComponent' is declared here.


Error: src/app/modules/staff/add_non-Teaching/add_non-Teaching.component.ts:187:14 - error TS2551: Property 'CoreInformationComponent' does not exist on type 'addNonTeachingStaffComponent'. Did you mean 'OtherInformationComponent'?

187         this.CoreInformationComponent.CoreInformation.controls.employmentNumber.setValue(this.staffInfo.employmentNumber);
                 ~~~~~~~~~~~~~~~~~~~~~~~~

  src/app/modules/staff/add_non-Teaching/add_non-Teaching.component.ts:86:13
    86     private OtherInformationComponent!: OtherInformationComponent;
                   ~~~~~~~~~~~~~~~~~~~~~~~~~
    'OtherInformationComponent' is declared here.


Error: src/app/modules/staff/add_non-Teaching/add_non-Teaching.component.ts:188:14 - error TS2551: Property 'CoreInformationComponent' does not exist on type 'addNonTeachingStaffComponent'. Did you mean 'OtherInformationComponent'?

188         this.CoreInformationComponent.CoreInformation.controls.firstName.setValue(this.staffInfo.name[0].firstName);
                 ~~~~~~~~~~~~~~~~~~~~~~~~

  src/app/modules/staff/add_non-Teaching/add_non-Teaching.component.ts:86:13
    86     private OtherInformationComponent!: OtherInformationComponent;
                   ~~~~~~~~~~~~~~~~~~~~~~~~~
    'OtherInformationComponent' is declared here.


Error: src/app/modules/staff/add_non-Teaching/add_non-Teaching.component.ts:189:14 - error TS2551: Property 'CoreInformationComponent' does not exist on type 'addNonTeachingStaffComponent'. Did you mean 'OtherInformationComponent'?

189         this.CoreInformationComponent.CoreInformation.controls.middleName.setValue(this.staffInfo.name[0].middleName);
                 ~~~~~~~~~~~~~~~~~~~~~~~~

  src/app/modules/staff/add_non-Teaching/add_non-Teaching.component.ts:86:13
    86     private OtherInformationComponent!: OtherInformationComponent;
                   ~~~~~~~~~~~~~~~~~~~~~~~~~
    'OtherInformationComponent' is declared here.


Error: src/app/modules/staff/add_non-Teaching/add_non-Teaching.component.ts:190:14 - error TS2551: Property 'CoreInformationComponent' does not exist on type 'addNonTeachingStaffComponent'. Did you mean 'OtherInformationComponent'?

190         this.CoreInformationComponent.CoreInformation.controls.lastName.setValue(this.staffInfo.name[0].lastName);
                 ~~~~~~~~~~~~~~~~~~~~~~~~

  src/app/modules/staff/add_non-Teaching/add_non-Teaching.component.ts:86:13
    86     private OtherInformationComponent!: OtherInformationComponent;
                   ~~~~~~~~~~~~~~~~~~~~~~~~~
    'OtherInformationComponent' is declared here.


Error: src/app/modules/staff/add_non-Teaching/add_non-Teaching.component.ts:191:14 - error TS2551: Property 'CoreInformationComponent' does not exist on type 'addNonTeachingStaffComponent'. Did you mean 'OtherInformationComponent'?

191         this.CoreInformationComponent.CoreInformation.controls.dateOfBirth.setValue(this.staffInfo.dateOfBirth);
                 ~~~~~~~~~~~~~~~~~~~~~~~~

  src/app/modules/staff/add_non-Teaching/add_non-Teaching.component.ts:86:13
    86     private OtherInformationComponent!: OtherInformationComponent;
                   ~~~~~~~~~~~~~~~~~~~~~~~~~
    'OtherInformationComponent' is declared here.


Error: src/app/modules/staff/add_non-Teaching/add_non-Teaching.component.ts:192:14 - error TS2551: Property 'CoreInformationComponent' does not exist on type 'addNonTeachingStaffComponent'. Did you mean 'OtherInformationComponent'?

192         this.CoreInformationComponent.CoreInformation.controls.joiningDate.setValue(this.staffInfo.joiningDate);
                 ~~~~~~~~~~~~~~~~~~~~~~~~

  src/app/modules/staff/add_non-Teaching/add_non-Teaching.component.ts:86:13
    86     private OtherInformationComponent!: OtherInformationComponent;
                   ~~~~~~~~~~~~~~~~~~~~~~~~~
    'OtherInformationComponent' is declared here.


Error: src/app/modules/staff/add_non-Teaching/add_non-Teaching.component.ts:193:14 - error TS2551: Property 'CoreInformationComponent' does not exist on type 'addNonTeachingStaffComponent'. Did you mean 'OtherInformationComponent'?

193         this.CoreInformationComponent.CoreInformation.controls.joiningDesignation.setValue(this.staffInfo.joiningDesignation);
                 ~~~~~~~~~~~~~~~~~~~~~~~~

  src/app/modules/staff/add_non-Teaching/add_non-Teaching.component.ts:86:13
    86     private OtherInformationComponent!: OtherInformationComponent;
                   ~~~~~~~~~~~~~~~~~~~~~~~~~
    'OtherInformationComponent' is declared here.


Error: src/app/modules/staff/add_non-Teaching/add_non-Teaching.component.ts:194:14 - error TS2551: Property 'CoreInformationComponent' does not exist on type 'addNonTeachingStaffComponent'. Did you mean 'OtherInformationComponent'?

194         this.CoreInformationComponent.CoreInformation.controls.department.setValue(this.staffInfo.department.name);
                 ~~~~~~~~~~~~~~~~~~~~~~~~

  src/app/modules/staff/add_non-Teaching/add_non-Teaching.component.ts:86:13
    86     private OtherInformationComponent!: OtherInformationComponent;
                   ~~~~~~~~~~~~~~~~~~~~~~~~~
    'OtherInformationComponent' is declared here.


Error: src/app/modules/staff/add_non-Teaching/add_non-Teaching.component.ts:196:14 - error TS2551: Property 'CoreInformationComponent' does not exist on type 'addNonTeachingStaffComponent'. Did you mean 'OtherInformationComponent'?

196         this.CoreInformationComponent.CoreInformation.controls.aadhaarNo.setValue(this.staffInfo.aadharNumber);
                 ~~~~~~~~~~~~~~~~~~~~~~~~

  src/app/modules/staff/add_non-Teaching/add_non-Teaching.component.ts:86:13
    86     private OtherInformationComponent!: OtherInformationComponent;
                   ~~~~~~~~~~~~~~~~~~~~~~~~~
    'OtherInformationComponent' is declared here.


Error: src/app/modules/staff/add_non-Teaching/add_non-Teaching.component.ts:197:14 - error TS2551: Property 'CoreInformationComponent' does not exist on type 'addNonTeachingStaffComponent'. Did you mean 'OtherInformationComponent'?

197         this.CoreInformationComponent.CoreInformation.controls.dlNo.setValue(this.staffInfo.drivingLicense);
                 ~~~~~~~~~~~~~~~~~~~~~~~~

  src/app/modules/staff/add_non-Teaching/add_non-Teaching.component.ts:86:13
    86     private OtherInformationComponent!: OtherInformationComponent;
                   ~~~~~~~~~~~~~~~~~~~~~~~~~
    'OtherInformationComponent' is declared here.


Error: src/app/modules/staff/add_non-Teaching/add_non-Teaching.component.ts:198:14 - error TS2551: Property 'CoreInformationComponent' does not exist on type 'addNonTeachingStaffComponent'. Did you mean 'OtherInformationComponent'?

198         this.CoreInformationComponent.CoreInformation.controls.panNo.setValue(this.staffInfo.pan);
                 ~~~~~~~~~~~~~~~~~~~~~~~~

  src/app/modules/staff/add_non-Teaching/add_non-Teaching.component.ts:86:13
    86     private OtherInformationComponent!: OtherInformationComponent;
                   ~~~~~~~~~~~~~~~~~~~~~~~~~
    'OtherInformationComponent' is declared here.


Error: src/app/modules/staff/add_non-Teaching/add_non-Teaching.component.ts:199:14 - error TS2551: Property 'CoreInformationComponent' does not exist on type 'addNonTeachingStaffComponent'. Did you mean 'OtherInformationComponent'?

199         this.CoreInformationComponent.CoreInformation.controls.passportNo.setValue(this.staffInfo.passport);
                 ~~~~~~~~~~~~~~~~~~~~~~~~

  src/app/modules/staff/add_non-Teaching/add_non-Teaching.component.ts:86:13
    86     private OtherInformationComponent!: OtherInformationComponent;
                   ~~~~~~~~~~~~~~~~~~~~~~~~~
    'OtherInformationComponent' is declared here.


Error: src/app/modules/staff/add_non-Teaching/add_non-Teaching.component.ts:204:14 - error TS2551: Property 'CommunicationDetailsComponent' does not exist on type 'addNonTeachingStaffComponent'. Did you mean 'QualificationDetailsComponent'?

204         this.CommunicationDetailsComponent.mobileNumbers = [...this.staffInfo.mobileNumbers];
                 ~~~~~~~~~~~~~~~~~~~~~~~~~~~~~

  src/app/modules/staff/add_non-Teaching/add_non-Teaching.component.ts:71:13
    71     private QualificationDetailsComponent!: QualificationDetailsComponent;
                   ~~~~~~~~~~~~~~~~~~~~~~~~~~~~~
    'QualificationDetailsComponent' is declared here.


Error: src/app/modules/staff/add_non-Teaching/add_non-Teaching.component.ts:205:14 - error TS2551: Property 'CommunicationDetailsComponent' does not exist on type 'addNonTeachingStaffComponent'. Did you mean 'QualificationDetailsComponent'?

205         this.CommunicationDetailsComponent.emailIDs = [...this.staffInfo.emails];
                 ~~~~~~~~~~~~~~~~~~~~~~~~~~~~~

  src/app/modules/staff/add_non-Teaching/add_non-Teaching.component.ts:71:13
    71     private QualificationDetailsComponent!: QualificationDetailsComponent;
                   ~~~~~~~~~~~~~~~~~~~~~~~~~~~~~
    'QualificationDetailsComponent' is declared here.


Error: src/app/modules/staff/add_non-Teaching/add_non-Teaching.component.ts:206:14 - error TS2551: mProperty 'CommunicationDetailsComponent' does not exist on type 'addNonTeachingStaffComponent'. Did you mean 'QualificationDetailsComponent'?

206         this.CommunicationDetailsComponent.CommunicationDetails.controls.VUEmailID.setValue(this.staffInfo.vuEmail.split('@vupune.ac.in')[0]);
                 ~~~~~~~~~~~~~~~~~~~~~~~~~~~~~

  src/app/modules/staff/add_non-Teaching/add_non-Teaching.component.ts:71:13
    71     private QualificationDetailsComponent!: QualificationDetailsComponent;
                   ~~~~~~~~~~~~~~~~~~~~~~~~~~~~~
    'QualificationDetailsComponent' is declared here.


Error: src/app/modules/staff/add_non-Teaching/add_non-Teaching.component.ts:208:14 - error TS2551: Property 'CommunicationDetailsComponent' does not exist on type 'addNonTeachingStaffComponent'. Did you mean 'QualificationDetailsComponent'?

208         this.CommunicationDetailsComponent.dataSource.data =
                 ~~~~~~~~~~~~~~~~~~~~~~~~~~~~~

  src/app/modules/staff/add_non-Teaching/add_non-Teaching.component.ts:71:13
    71     private QualificationDetailsComponent!: QualificationDetailsComponent;
                   ~~~~~~~~~~~~~~~~~~~~~~~~~~~~~
    'QualificationDetailsComponent' is declared here.


Error: src/app/modules/staff/add_non-Teaching/add_non-Teaching.component.ts:288:35 - error TS2551: Property 'CoreInformationComponent' does not exist on type 'addNonTeachingStaffComponent'. Did you mean 'OtherInformationComponent'?

288         data['department'] = this.CoreInformationComponent.departmentId.value;
                                      ~~~~~~~~~~~~~~~~~~~~~~~~

  src/app/modules/staff/add_non-Teaching/add_non-Teaching.component.ts:86:13
    86     private OtherInformationComponent!: OtherInformationComponent;
                   ~~~~~~~~~~~~~~~~~~~~~~~~~
    'OtherInformationComponent' is declared here.


Error: src/app/modules/staff/add_non-Teaching/add_non-Teaching.component.ts:289:32 - error TS2551: Property 'CoreInformationComponent' does not exist on type 'addNonTeachingStaffComponent'. Did you mean 'OtherInformationComponent'?

289         data['faculty'] = this.CoreInformationComponent.facultyId.value;
                                   ~~~~~~~~~~~~~~~~~~~~~~~~

  src/app/modules/staff/add_non-Teaching/add_non-Teaching.component.ts:86:13
    86     private OtherInformationComponent!: OtherInformationComponent;
                   ~~~~~~~~~~~~~~~~~~~~~~~~~
    'OtherInformationComponent' is declared here.


Error: src/app/modules/staff/add_non-Teaching/add_non-Teaching.component.ts:290:31 - error TS2551: Property 'CoreInformationComponent' does not exist on type 'addNonTeachingStaffComponent'. Did you mean 'OtherInformationComponent'?

290         data['school'] = this.CoreInformationComponent.schoolId.value;
                                  ~~~~~~~~~~~~~~~~~~~~~~~~

  src/app/modules/staff/add_non-Teaching/add_non-Teaching.component.ts:86:13
    86     private OtherInformationComponent!: OtherInformationComponent;
                   ~~~~~~~~~~~~~~~~~~~~~~~~~
    'OtherInformationComponent' is declared here.


Error: src/app/modules/staff/add_non-Teaching/add_non-Teaching.component.ts:299:38 - error TS2551: Property 'CommunicationDetailsComponent' does not exist on type 'addNonTeachingStaffComponent'. Did you mean 'QualificationDetailsComponent'?

299         data['mobileNumbers'] = this.CommunicationDetailsComponent.mobileNumbers
                                         ~~~~~~~~~~~~~~~~~~~~~~~~~~~~~

  src/app/modules/staff/add_non-Teaching/add_non-Teaching.component.ts:71:13
    71     private QualificationDetailsComponent!: QualificationDetailsComponent;
                   ~~~~~~~~~~~~~~~~~~~~~~~~~~~~~
    'QualificationDetailsComponent' is declared here.


Error: src/app/modules/staff/add_non-Teaching/add_non-Teaching.component.ts:300:31 - error TS2551: Property 'CommunicationDetailsComponent' does not exist on type 'addNonTeachingStaffComponent'. Did you mean 'QualificationDetailsComponent'?

300         data['emails'] = this.CommunicationDetailsComponent.emailIDs
                                  ~~~~~~~~~~~~~~~~~~~~~~~~~~~~~

  src/app/modules/staff/add_non-Teaching/add_non-Teaching.component.ts:71:13
    71     private QualificationDetailsComponent!: QualificationDetailsComponent;
                   ~~~~~~~~~~~~~~~~~~~~~~~~~~~~~
    'QualificationDetailsComponent' is declared here.


Error: src/app/modules/staff/add_non-Teaching/add_non-Teaching.component.ts:303:30 - error TS2551: Property 'CommunicationDetailsComponent' does not exist on type 'addNonTeachingStaffComponent'. Did you mean 'QualificationDetailsComponent'?

303         let addresses = this.CommunicationDetailsComponent.dataSource.data;
                                 ~~~~~~~~~~~~~~~~~~~~~~~~~~~~~

  src/app/modules/staff/add_non-Teaching/add_non-Teaching.component.ts:71:13
    71     private QualificationDetailsComponent!: QualificationDetailsComponent;
                   ~~~~~~~~~~~~~~~~~~~~~~~~~~~~~
    'QualificationDetailsComponent' is declared here.



√ Browser application bundle generation complete.

Lazy Chunk Files                         | Names |      Size
src_app_modules_staff_staff_module_ts.js | -     | 230.71 kB

13 unchanged chunks

Build at: 2022-04-02T10:58:52.829Z - Hash: ac46f05125afc5f72751 - Time: 6089ms

Error: src/app/modules/staff/add_non-Teaching/add_non-Teaching.component.ts:64:16 - error TS2304: Cannot find name 'CoreInformationComponent'.

64     @ViewChild(CoreInformationComponent)
                  ~~~~~~~~~~~~~~~~~~~~~~~~


Error: src/app/modules/staff/add_non-Teaching/add_non-Teaching.component.ts:67:16 - error TS2304: Cannot find name 'CommunicationDetailsComponent'.

67     @ViewChild(CommunicationDetailsComponent)
                  ~~~~~~~~~~~~~~~~~~~~~~~~~~~~~


Error: src/app/modules/staff/add_non-Teaching/add_non-Teaching.component.ts:68:89 - error TS2304: Cannot find name 'CommunicationDetailsComponent'.

68     private CommunicationDetaaddNonTeachingStaff_CoreInformationComponentilsComponent!: CommunicationDetailsComponent;
                                                                                           ~~~~~~~~~~~~~~~~~~~~~~~~~~~~~


Error: src/app/modules/staff/add_non-Teaching/add_non-Teaching.component.ts:70:16 - error TS2304: Cannot find name 'QualificationDetailsComponent'.

70     @ViewChild(QualificationDetailsComponent)
                  ~~~~~~~~~~~~~~~~~~~~~~~~~~~~~


Error: src/app/modules/staff/add_non-Teaching/add_non-Teaching.component.ts:71:45 - error TS2304: Cannot find name 'QualificationDetailsComponent'.

71     private QualificationDetailsComponent!: QualificationDetailsComponent;
                                               ~~~~~~~~~~~~~~~~~~~~~~~~~~~~~


Error: src/app/modules/staff/add_non-Teaching/add_non-Teaching.component.ts:73:16 - error TS2304: Cannot find name 'ExperienceDetailsComponent'.

73[0m     @ViewChild(ExperienceDetailsComponent)
                  ~~~~~~~~~~~~~~~~~~~~~~~~~~


Error: src/app/modules/staff/add_non-Teaching/add_non-Teaching.component.ts:74:42 - error TS2304: Cannot find name 'ExperienceDetailsComponent'.

74     private ExperienceDetailsComponent!: ExperienceDetailsComponent;
                                            ~~~~~~~~~~~~~~~~~~~~~~~~~~


Error: src/app/modules/staff/add_non-Teaching/add_non-Teaching.component.ts:76:16 - error TS2304: Cannot find name 'BankingDetailsComponent'.

76     @ViewChild(BankingDetailsComponent)
                  ~~~~~~~~~~~~~~~~~~~~~~~


Error: src/app/modules/staff/add_non-Teaching/add_non-Teaching.component.ts:77:39 - error TS2304: Cannot find name 'BankingDetailsComponent'.

77     private BankingDetailsComponent!: BankingDetailsComponent;
                                         ~~~~~~~~~~~~~~~~~~~~~~~


Error: src/app/modules/staff/add_non-Teaching/add_non-Teaching.component.ts:79:16 - error TS2304: Cannot find name 'DocumentsComponent'.

79     @ViewChild(DocumentsComponent)
                  ~~~~~~~~~~~~~~~~~~


Error: src/app/modules/staff/add_non-Teaching/add_non-Teaching.component.ts:80:34 - error TS2304: Cannot find name 'DocumentsComponent'.

80     private DocumentsComponent!: DocumentsComponent;
                                    ~~~~~~~~~~~~~~~~~~


Error: src/app/modules/staff/add_non-Teaching/add_non-Teaching.component.ts:82:16 - error TS2304: Cannot find name 'PersonalDetailsComponent'.

82     @ViewChild(PersonalDetailsComponent)
                  ~~~~~~~~~~~~~~~~~~~~~~~~


Error: src/app/modules/staff/add_non-Teaching/add_non-Teaching.component.ts:83:40 - error TS2304: Cannot find name 'PersonalDetailsComponent'.

83     private PersonalDetailsComponent!: PersonalDetailsComponent;
                                          ~~~~~~~~~~~~~~~~~~~~~~~~


Error: src/app/modules/staff/add_non-Teaching/add_non-Teaching.component.ts:85:16 - error TS2304: Cannot find name 'OtherInformationComponent'.

85     @ViewChild(OtherInformationComponent)
                  ~~~~~~~~~~~~~~~~~~~~~~~~~


Error: src/app/modules/staff/add_non-Teaching/add_non-Teaching.component.ts:86:41 - error TS2304: Cannot find name 'OtherInformationComponent'.

86     private OtherInformationComponent!: OtherInformationComponent;
                                           ~~~~~~~~~~~~~~~~~~~~~~~~~


Error: src/app/modules/staff/add_non-Teaching/add_non-Teaching.component.ts:123:42 - error TS2551: Property 'CommunicationDetailsComponent' does not exist on type 'addNonTeachingStaffComponent'. Did you mean 'QualificationDetailsComponent'?

123         this.CommunicationDetails = this.CommunicationDetailsComponent.CommunicationDetails;
                                             ~~~~~~~~~~~~~~~~~~~~~~~~~~~~~

  src/app/modules/staff/add_non-Teaching/add_non-Teaching.component.ts:71:13
    71     private QualificationDetailsComponent!: QualificationDetailsComponent;
                   ~~~~~~~~~~~~~~~~~~~~~~~~~~~~~
    'QualificationDetailsComponent' is declared here.


Error: src/app/modules/staff/add_non-Teaching/add_non-Teaching.component.ts:138:18 - error TS2551: Property 'CommunicationDetailsComponent' does not exist on type 'addNonTeachingStaffComponent'. Did you mean 'QualificationDetailsComponent'?

138             this.CommunicationDetailsComponent.CommunicationDetails.get('VUEmailID').setValue(email)
                     ~~~~~~~~~~~~~~~~~~~~~~~~~~~~~

  src/app/modules/staff/add_non-Teaching/add_non-Teaching.component.ts:71:13
    71     private QualificationDetailsComponent!: QualificationDetailsComponent;
                   ~~~~~~~~~~~~~~~~~~~~~~~~~~~~~
    'QualificationDetailsComponent' is declared here.


Error: src/app/modules/staff/add_non-Teaching/add_non-Teaching.component.ts:144:18 - error TS2551: Property 'CommunicationDetailsComponent' does not exist on type 'addNonTeachingStaffComponent'. Did you mean 'QualificationDetailsComponent'?

144             this.CommunicationDetailsComponent.CommunicationDetails.get('VUEmailID').setValue(email)
                     ~~~~~~~~~~~~~~~~~~~~~~~~~~~~~

  src/app/modules/staff/add_non-Teaching/add_non-Teaching.component.ts:71:13
    71     private QualificationDetailsComponent!: QualificationDetailsComponent;
                   ~~~~~~~~~~~~~~~~~~~~~~~~~~~~~
    'QualificationDetailsComponent' is declared here.


Error: src/app/modules/staff/add_non-Teaching/add_non-Teaching.component.ts:204:14 - error TS2551: Property 'CommunicationDetailsComponent' does not exist on type 'addNonTeachingStaffComponent'. Did you mean 'QualificationDetailsComponent'?

204         this.CommunicationDetailsComponent.mobileNumbers = [...this.staffInfo.mobileNumbers];
                 ~~~~~~~~~~~~~~~~~~~~~~~~~~~~~

  src/app/modules/staff/add_non-Teaching/add_non-Teaching.component.ts:71:13
    71     private QualificationDetailsComponent!: QualificationDetailsComponent;
                   ~~~~~~~~~~~~~~~~~~~~~~~~~~~~~
    'QualificationDetailsComponent' is declared here.


Error: src/app/modules/staff/add_non-Teaching/add_non-Teaching.component.ts:205:14 - error TS2551: Property 'CommunicationDetailsComponent' does not exist on type 'addNonTeachingStaffComponent'. Did you mean 'QualificationDetailsComponent'?

205         this.CommunicationDetailsComponent.emailIDs = [...this.staffInfo.emails];
                 ~~~~~~~~~~~~~~~~~~~~~~~~~~~~~

  src/app/modules/staff/add_non-Teaching/add_non-Teaching.component.ts:71:13
    71     private QualificationDetailsComponent!: QualificationDetailsComponent;
                   ~~~~~~~~~~~~~~~~~~~~~~~~~~~~~
    'QualificationDetailsComponent' is declared here.


Error: src/app/modules/staff/add_non-Teaching/add_non-Teaching.component.ts:206:14 - error TS2551: Property 'CommunicationDetailsComponent' does not exist on type 'addNonTeachingStaffComponent'. Did you mean 'QualificationDetailsComponent'?

206         this.CommunicationDetailsComponent.CommunicationDetails.controls.VUEmailID.setValue(this.staffInfo.vuEmail.split('@vupune.ac.in')[0]);
                 ~~~~~~~~~~~~~~~~~~~~~~~~~~~~~

  src/app/modules/staff/add_non-Teaching/add_non-Teaching.component.ts:71:13
    71     private QualificationDetailsComponent!: QualificationDetailsComponent;
                   ~~~~~~~~~~~~~~~~~~~~~~~~~~~~~
    'QualificationDetailsComponent' is declared here.


Error: src/app/modules/staff/add_non-Teaching/add_non-Teaching.component.ts:208:14 - error TS2551: Property 'CommunicationDetailsComponent' does not exist on type 'addNonTeachingStaffComponent'. Did you mean 'QualificationDetailsComponent'?

208         this.CommunicationDetailsComponent.dataSource.data =
                 ~~~~~~~~~~~~~~~~~~~~~~~~~~~~~

  src/app/modules/staff/add_non-Teaching/add_non-Teaching.component.ts:71:13
    71     private QualificationDetailsComponent!: QualificationDetailsComponent;
                   ~~~~~~~~~~~~~~~~~~~~~~~~~~~~~
    'QualificationDetailsComponent' is declared here.


Error: src/app/modules/staff/add_non-Teaching/add_non-Teaching.component.ts:299:38 - error TS2551: Property 'CommunicationDetailsComponent' does not exist on type 'addNonTeachingStaffComponent'. Did you mean 'QualificationDetailsComponent'?

299         data['mobileNumbers'] = this.CommunicationDetailsComponent.mobileNumbers
                                         ~~~~~~~~~~~~~~~~~~~~~~~~~~~~~

  src/app/modules/staff/add_non-Teaching/add_non-Teaching.component.ts:71:13
    71     private QualificationDetailsComponent!: QualificationDetailsComponent;
                   ~~~~~~~~~~~~~~~~~~~~~~~~~~~~~
    'QualificationDetailsComponent' is declared here.


Error: src/app/modules/staff/add_non-Teaching/add_non-Teaching.component.ts:300:31 - error TS2551: Property 'CommunicationDetailsComponent' does not exist on type 'addNonTeachingStaffComponent'. Did you mean 'QualificationDetailsComponent'?

300         data['emails'] = this.CommunicationDetailsComponent.emailIDs
                                  ~~~~~~~~~~~~~~~~~~~~~~~~~~~~~

  src/app/modules/staff/add_non-Teaching/add_non-Teaching.component.ts:71:13
    71     private QualificationDetailsComponent!: QualificationDetailsComponent;
                   ~~~~~~~~~~~~~~~~~~~~~~~~~~~~~
    'QualificationDetailsComponent' is declared here.


Error: src/app/modules/staff/add_non-Teaching/add_non-Teaching.component.ts:303:30 - error TS2551: Property 'CommunicationDetailsComponent' does not exist on type 'addNonTeachingStaffComponent'. Did you mean 'QualificationDetailsComponent'?

303         let addresses = this.CommunicationDetailsComponent.dataSource.data;
                                 ~~~~~~~~~~~~~~~~~~~~~~~~~~~~~

  src/app/modules/staff/add_non-Teaching/add_non-Teaching.component.ts:71:13
    71     private QualificationDetailsComponent!: QualificationDetailsComponent;
                   ~~~~~~~~~~~~~~~~~~~~~~~~~~~~~
    'QualificationDetailsComponent' is declared here.



√ Browser application bundle generation complete.

14 unchanged chunks

Build at: 2022-04-02T10:58:55.909Z - Hash: ac46f05125afc5f72751 - Time: 2564ms

Error: src/app/modules/staff/add_non-Teaching/add_non-Teaching.component.ts:64:16 - error TS2304: Cannot find name 'CoreInformationComponent'.

64     @ViewChild(CoreInformationComponent)
                  ~~~~~~~~~~~~~~~~~~~~~~~~


Error: src/app/modules/staff/add_non-Teaching/add_non-Teaching.component.ts:67:16 - error TS2304: Cannot find name 'CommunicationDetailsComponent'.

67     @ViewChild(CommunicationDetailsComponent)
                  ~~~~~~~~~~~~~~~~~~~~~~~~~~~~~


Error: src/app/modules/staff/add_non-Teaching/add_non-Teaching.component.ts:68:89 - error TS2304: Cannot find name 'CommunicationDetailsComponent'.

68     private CommunicationDetaaddNonTeachingStaff_CoreInformationComponentilsComponent!: CommunicationDetailsComponent;
                                                                                           ~~~~~~~~~~~~~~~~~~~~~~~~~~~~~


Error: src/app/modules/staff/add_non-Teaching/add_non-Teaching.component.ts:70:16 - error TS2304: Cannot find name 'QualificationDetailsComponent'.

70     @ViewChild(QualificationDetailsComponent)
                  ~~~~~~~~~~~~~~~~~~~~~~~~~~~~~


Error: src/app/modules/staff/add_non-Teaching/add_non-Teaching.component.ts:71:45 - error TS2304: Cannot find name 'QualificationDetailsComponent'.

71     private QualificationDetailsComponent!: QualificationDetailsComponent;
                                               ~~~~~~~~~~~~~~~~~~~~~~~~~~~~~


Error: src/app/modules/staff/add_non-Teaching/add_non-Teaching.component.ts:73:16 - error TS2304: Cannot find name 'ExperienceDetailsComponent'.

73[0m     @ViewChild(ExperienceDetailsComponent)
                  ~~~~~~~~~~~~~~~~~~~~~~~~~~


Error: src/app/modules/staff/add_non-Teaching/add_non-Teaching.component.ts:74:42 - error TS2304: Cannot find name 'ExperienceDetailsComponent'.

74     private ExperienceDetailsComponent!: ExperienceDetailsComponent;
                                            ~~~~~~~~~~~~~~~~~~~~~~~~~~


Error: src/app/modules/staff/add_non-Teaching/add_non-Teaching.component.ts:76:16 - error TS2304: Cannot find name 'BankingDetailsComponent'.

76     @ViewChild(BankingDetailsComponent)
                  ~~~~~~~~~~~~~~~~~~~~~~~


Error: src/app/modules/staff/add_non-Teaching/add_non-Teaching.component.ts:77:39 - error TS2304: Cannot find name 'BankingDetailsComponent'.

77     private BankingDetailsComponent!: BankingDetailsComponent;
                                         ~~~~~~~~~~~~~~~~~~~~~~~


Error: src/app/modules/staff/add_non-Teaching/add_non-Teaching.component.ts:79:16 - error TS2304: Cannot find name 'DocumentsComponent'.

79     @ViewChild(DocumentsComponent)
                  ~~~~~~~~~~~~~~~~~~


Error: src/app/modules/staff/add_non-Teaching/add_non-Teaching.component.ts:80:34 - error TS2304: Cannot find name 'DocumentsComponent'.

80     private DocumentsComponent!: DocumentsComponent;
                                    ~~~~~~~~~~~~~~~~~~


Error: src/app/modules/staff/add_non-Teaching/add_non-Teaching.component.ts:82:16 - error TS2304: Cannot find name 'PersonalDetailsComponent'.

82     @ViewChild(PersonalDetailsComponent)
                  ~~~~~~~~~~~~~~~~~~~~~~~~


Error: src/app/modules/staff/add_non-Teaching/add_non-Teaching.component.ts:83:40 - error TS2304: Cannot find name 'PersonalDetailsComponent'.

83     private PersonalDetailsComponent!: PersonalDetailsComponent;
                                          ~~~~~~~~~~~~~~~~~~~~~~~~


Error: src/app/modules/staff/add_non-Teaching/add_non-Teaching.component.ts:85:16 - error TS2304: Cannot find name 'OtherInformationComponent'.

85     @ViewChild(OtherInformationComponent)
                  ~~~~~~~~~~~~~~~~~~~~~~~~~


Error: src/app/modules/staff/add_non-Teaching/add_non-Teaching.component.ts:86:41 - error TS2304: Cannot find name 'OtherInformationComponent'.

86     private OtherInformationComponent!: OtherInformationComponent;
                                           ~~~~~~~~~~~~~~~~~~~~~~~~~


Error: src/app/modules/staff/add_non-Teaching/add_non-Teaching.component.ts:123:42 - error TS2551: Property 'CommunicationDetailsComponent' does not exist on type 'addNonTeachingStaffComponent'. Did you mean 'QualificationDetailsComponent'?

123         this.CommunicationDetails = this.CommunicationDetailsComponent.CommunicationDetails;
                                             ~~~~~~~~~~~~~~~~~~~~~~~~~~~~~

  src/app/modules/staff/add_non-Teaching/add_non-Teaching.component.ts:71:13
    71     private QualificationDetailsComponent!: QualificationDetailsComponent;
                   ~~~~~~~~~~~~~~~~~~~~~~~~~~~~~
    'QualificationDetailsComponent' is declared here.


Error: src/app/modules/staff/add_non-Teaching/add_non-Teaching.component.ts:138:18 - error TS2551: Property 'CommunicationDetailsComponent' does not exist on type 'addNonTeachingStaffComponent'. Did you mean 'QualificationDetailsComponent'?

138             this.CommunicationDetailsComponent.CommunicationDetails.get('VUEmailID').setValue(email)
                     ~~~~~~~~~~~~~~~~~~~~~~~~~~~~~

  src/app/modules/staff/add_non-Teaching/add_non-Teaching.component.ts:71:13
    71     private QualificationDetailsComponent!: QualificationDetailsComponent;
                   ~~~~~~~~~~~~~~~~~~~~~~~~~~~~~
    'QualificationDetailsComponent' is declared here.


Error: src/app/modules/staff/add_non-Teaching/add_non-Teaching.component.ts:144:18 - error TS2551: Property 'CommunicationDetailsComponent' does not exist on type 'addNonTeachingStaffComponent'. Did you mean 'QualificationDetailsComponent'?

144             this.CommunicationDetailsComponent.CommunicationDetails.get('VUEmailID').setValue(email)
                     ~~~~~~~~~~~~~~~~~~~~~~~~~~~~~

  src/app/modules/staff/add_non-Teaching/add_non-Teaching.component.ts:71:13
    71     private QualificationDetailsComponent!: QualificationDetailsComponent;
                   ~~~~~~~~~~~~~~~~~~~~~~~~~~~~~
    'QualificationDetailsComponent' is declared here.


Error: src/app/modules/staff/add_non-Teaching/add_non-Teaching.component.ts:204:14 - error TS2551: Property 'CommunicationDetailsComponent' does not exist on type 'addNonTeachingStaffComponent'. Did you mean 'QualificationDetailsComponent'?

204         this.CommunicationDetailsComponent.mobileNumbers = [...this.staffInfo.mobileNumbers];
                 ~~~~~~~~~~~~~~~~~~~~~~~~~~~~~

  src/app/modules/staff/add_non-Teaching/add_non-Teaching.component.ts:71:13
    71     private QualificationDetailsComponent!: QualificationDetailsComponent;
                   ~~~~~~~~~~~~~~~~~~~~~~~~~~~~~
    'QualificationDetailsComponent' is declared here.


Error: src/app/modules/staff/add_non-Teaching/add_non-Teaching.component.ts:205:14 - error TS2551: Property 'CommunicationDetailsComponent' does not exist on type 'addNonTeachingStaffComponent'. Did you mean 'QualificationDetailsComponent'?

205         this.CommunicationDetailsComponent.emailIDs = [...this.staffInfo.emails];
                 ~~~~~~~~~~~~~~~~~~~~~~~~~~~~~

  src/app/modules/staff/add_non-Teaching/add_non-Teaching.component.ts:71:13
    71     private QualificationDetailsComponent!: QualificationDetailsComponent;
                   ~~~~~~~~~~~~~~~~~~~~~~~~~~~~~
    'QualificationDetailsComponent' is declared here.


Error: src/app/modules/staff/add_non-Teaching/add_non-Teaching.component.ts:206:14 - error TS2551: Property 'CommunicationDetailsComponent' does not exist on type 'addNonTeachingStaffComponent'. Did you mean 'QualificationDetailsComponent'?

206         this.CommunicationDetailsComponent.CommunicationDetails.controls.VUEmailID.setValue(this.staffInfo.vuEmail.split('@vupune.ac.in')[0]);
                 ~~~~~~~~~~~~~~~~~~~~~~~~~~~~~

  src/app/modules/staff/add_non-Teaching/add_non-Teaching.component.ts:71:13
    71     private QualificationDetailsComponent!: QualificationDetailsComponent;
                   ~~~~~~~~~~~~~~~~~~~~~~~~~~~~~
    'QualificationDetailsComponent' is declared here.


Error: src/app/modules/staff/add_non-Teaching/add_non-Teaching.component.ts:208:14 - error TS2551: Property 'CommunicationDetailsComponent' does not exist on type 'addNonTeachingStaffComponent'. Did you mean 'QualificationDetailsComponent'?

208         this.CommunicationDetailsComponent.dataSource.data =
                 ~~~~~~~~~~~~~~~~~~~~~~~~~~~~~

  src/app/modules/staff/add_non-Teaching/add_non-Teaching.component.ts:71:13
    71     private QualificationDetailsComponent!: QualificationDetailsComponent;
                   ~~~~~~~~~~~~~~~~~~~~~~~~~~~~~
    'QualificationDetailsComponent' is declared here.


Error: src/app/modules/staff/add_non-Teaching/add_non-Teaching.component.ts:299:38 - error TS2551: Property 'CommunicationDetailsComponent' does not exist on type 'addNonTeachingStaffComponent'. Did you mean 'QualificationDetailsComponent'?

299         data['mobileNumbers'] = this.CommunicationDetailsComponent.mobileNumbers
                                         ~~~~~~~~~~~~~~~~~~~~~~~~~~~~~

  src/app/modules/staff/add_non-Teaching/add_non-Teaching.component.ts:71:13
    71     private QualificationDetailsComponent!: QualificationDetailsComponent;
                   ~~~~~~~~~~~~~~~~~~~~~~~~~~~~~
    'QualificationDetailsComponent' is declared here.


Error: src/app/modules/staff/add_non-Teaching/add_non-Teaching.component.ts:300:31 - error TS2551: Property 'CommunicationDetailsComponent' does not exist on type 'addNonTeachingStaffComponent'. Did you mean 'QualificationDetailsComponent'?

300         data['emails'] = this.CommunicationDetailsComponent.emailIDs
                                  ~~~~~~~~~~~~~~~~~~~~~~~~~~~~~

  src/app/modules/staff/add_non-Teaching/add_non-Teaching.component.ts:71:13
    71     private QualificationDetailsComponent!: QualificationDetailsComponent;
                   ~~~~~~~~~~~~~~~~~~~~~~~~~~~~~
    'QualificationDetailsComponent' is declared here.


Error: src/app/modules/staff/add_non-Teaching/add_non-Teaching.component.ts:303:30 - error TS2551: Property 'CommunicationDetailsComponent' does not exist on type 'addNonTeachingStaffComponent'. Did you mean 'QualificationDetailsComponent'?

303         let addresses = this.CommunicationDetailsComponent.dataSource.data;
                                 ~~~~~~~~~~~~~~~~~~~~~~~~~~~~~

  src/app/modules/staff/add_non-Teaching/add_non-Teaching.component.ts:71:13
    71     private QualificationDetailsComponent!: QualificationDetailsComponent;
                   ~~~~~~~~~~~~~~~~~~~~~~~~~~~~~
    'QualificationDetailsComponent' is declared here.



√ Browser application bundle generation complete.

Lazy Chunk Files                         | Names |      Size
src_app_modules_staff_staff_module_ts.js | -     | 230.70 kB

13 unchanged chunks

Build at: 2022-04-02T10:59:21.748Z - Hash: 712ee26446c05f698a45 - Time: 5276ms

Error: src/app/modules/staff/add_non-Teaching/add_non-Teaching.component.ts:67:16 - error TS2304: Cannot find name 'CommunicationDetailsComponent'.

67     @ViewChild(CommunicationDetailsComponent)
                  ~~~~~~~~~~~~~~~~~~~~~~~~~~~~~


Error: src/app/modules/staff/add_non-Teaching/add_non-Teaching.component.ts:68:89 - error TS2304: Cannot find name 'CommunicationDetailsComponent'.

68     private CommunicationDetaaddNonTeachingStaff_CoreInformationComponentilsComponent!: CommunicationDetailsComponent;
                                                                                           ~~~~~~~~~~~~~~~~~~~~~~~~~~~~~


Error: src/app/modules/staff/add_non-Teaching/add_non-Teaching.component.ts:70:16 - error TS2304: Cannot find name 'QualificationDetailsComponent'.

70     @ViewChild(QualificationDetailsComponent)
                  ~~~~~~~~~~~~~~~~~~~~~~~~~~~~~


Error: src/app/modules/staff/add_non-Teaching/add_non-Teaching.component.ts:71:45 - error TS2304: Cannot find name 'QualificationDetailsComponent'.

71     private QualificationDetailsComponent!: QualificationDetailsComponent;
                                               ~~~~~~~~~~~~~~~~~~~~~~~~~~~~~


Error: src/app/modules/staff/add_non-Teaching/add_non-Teaching.component.ts:73:16 - error TS2304: Cannot find name 'ExperienceDetailsComponent'.

73     @ViewChild(ExperienceDetailsComponent)
                  ~~~~~~~~~~~~~~~~~~~~~~~~~~


Error: src/app/modules/staff/add_non-Teaching/add_non-Teaching.component.ts:74:42 - error TS2304: Cannot find name 'ExperienceDetailsComponent'.

[7m74     private ExperienceDetailsComponent!: ExperienceDetailsComponent;
                                            ~~~~~~~~~~~~~~~~~~~~~~~~~~


Error: src/app/modules/staff/add_non-Teaching/add_non-Teaching.component.ts:76:16 - error TS2304: Cannot find name 'BankingDetailsComponent'.

76     @ViewChild(BankingDetailsComponent)
                  ~~~~~~~~~~~~~~~~~~~~~~~


Error: src/app/modules/staff/add_non-Teaching/add_non-Teaching.component.ts:77:39 - error TS2304: Cannot find name 'BankingDetailsComponent'.

77     private BankingDetailsComponent!: BankingDetailsComponent;
                                         ~~~~~~~~~~~~~~~~~~~~~~~


Error: src/app/modules/staff/add_non-Teaching/add_non-Teaching.component.ts:79:16 - error TS2304: Cannot find name 'DocumentsComponent'.

79     @ViewChild(DocumentsComponent)
                  ~~~~~~~~~~~~~~~~~~


Error: src/app/modules/staff/add_non-Teaching/add_non-Teaching.component.ts:80:34 - error TS2304: Cannot find name 'DocumentsComponent'.

80     private DocumentsComponent!: DocumentsComponent;
                                    ~~~~~~~~~~~~~~~~~~


Error: src/app/modules/staff/add_non-Teaching/add_non-Teaching.component.ts:82:16 - error TS2304: Cannot find name 'PersonalDetailsComponent'.

82     @ViewChild(PersonalDetailsComponent)
                  ~~~~~~~~~~~~~~~~~~~~~~~~


Error: src/app/modules/staff/add_non-Teaching/add_non-Teaching.component.ts:83:40 - error TS2304: Cannot find name 'PersonalDetailsComponent'.

83     private PersonalDetailsComponent!: PersonalDetailsComponent;
                                          ~~~~~~~~~~~~~~~~~~~~~~~~


Error: src/app/modules/staff/add_non-Teaching/add_non-Teaching.component.ts:85:16 - error TS2304: Cannot find name 'OtherInformationComponent'.

85     @ViewChild(OtherInformationComponent)
                  ~~~~~~~~~~~~~~~~~~~~~~~~~


Error: src/app/modules/staff/add_non-Teaching/add_non-Teaching.component.ts:86:41 - error TS2304: Cannot find name 'OtherInformationComponent'.

86     private OtherInformationComponent!: OtherInformationComponent;
                                           ~~~~~~~~~~~~~~~~~~~~~~~~~


Error: src/app/modules/staff/add_non-Teaching/add_non-Teaching.component.ts:122:37 - error TS2551: Property 'CoreInformationComponent' does not exist on type 'addNonTeachingStaffComponent'. Did you mean 'OtherInformationComponent'?

122         this.CoreInformation = this.CoreInformationComponent.CoreInformation;
                                        ~~~~~~~~~~~~~~~~~~~~~~~~

  src/app/modules/staff/add_non-Teaching/add_non-Teaching.component.ts:86:13
    86     private OtherInformationComponent!: OtherInformationComponent;
                   ~~~~~~~~~~~~~~~~~~~~~~~~~
    'OtherInformationComponent' is declared here.


Error: src/app/modules/staff/add_non-Teaching/add_non-Teaching.component.ts:123:42 - error TS2551: Property 'CommunicationDetailsComponent' does not exist on type 'addNonTeachingStaffComponent'. Did you mean 'QualificationDetailsComponent'?

123         this.CommunicationDetails = this.CommunicationDetailsComponent.CommunicationDetails;
                                             ~~~~~~~~~~~~~~~~~~~~~~~~~~~~~

  src/app/modules/staff/add_non-Teaching/add_non-Teaching.component.ts:71:13
    71     private QualificationDetailsComponent!: QualificationDetailsComponent;
                   ~~~~~~~~~~~~~~~~~~~~~~~~~~~~~
    'QualificationDetailsComponent' is declared here.


Error: src/app/modules/staff/add_non-Teaching/add_non-Teaching.component.ts:138:18 - error TS2551: Property 'CommunicationDetailsComponent' does not exist on type 'addNonTeachingStaffComponent'. Did you mean 'QualificationDetailsComponent'?

138             this.CommunicationDetailsComponent.CommunicationDetails.get('VUEmailID').setValue(email)
                     ~~~~~~~~~~~~~~~~~~~~~~~~~~~~~

  src/app/modules/staff/add_non-Teaching/add_non-Teaching.component.ts:71:13
    71     private QualificationDetailsComponent!: QualificationDetailsComponent;
                   ~~~~~~~~~~~~~~~~~~~~~~~~~~~~~
    'QualificationDetailsComponent' is declared here.


Error: src/app/modules/staff/add_non-Teaching/add_non-Teaching.component.ts:144:18 - error TS2551: Property 'CommunicationDetailsComponent' does not exist on type 'addNonTeachingStaffComponent'. Did you mean 'QualificationDetailsComponent'?

144             this.CommunicationDetailsComponent.CommunicationDetails.get('VUEmailID').setValue(email)
                     ~~~~~~~~~~~~~~~~~~~~~~~~~~~~~

  src/app/modules/staff/add_non-Teaching/add_non-Teaching.component.ts:71:13
    71     private QualificationDetailsComponent!: QualificationDetailsComponent;
                   ~~~~~~~~~~~~~~~~~~~~~~~~~~~~~
    'QualificationDetailsComponent' is declared here.


Error: src/app/modules/staff/add_non-Teaching/add_non-Teaching.component.ts:151:22 - error TS2551: Property 'CoreInformationComponent' does not exist on type 'addNonTeachingStaffComponent'. Did you mean 'OtherInformationComponent'?

151                 this.CoreInformationComponent.CoreInformation.controls.employmentNumber.setValue(res.employmentNumber);
                         ~~~~~~~~~~~~~~~~~~~~~~~~

  src/app/modules/staff/add_non-Teaching/add_non-Teaching.component.ts:86:13
    86     private OtherInformationComponent!: OtherInformationComponent;
                   ~~~~~~~~~~~~~~~~~~~~~~~~~
    'OtherInformationComponent' is declared here.


Error: src/app/modules/staff/add_non-Teaching/add_non-Teaching.component.ts:187:14 - error TS2551: Property 'CoreInformationComponent' does not exist on type 'addNonTeachingStaffComponent'. Did you mean 'OtherInformationComponent'?

187         this.CoreInformationComponent.CoreInformation.controls.employmentNumber.setValue(this.staffInfo.employmentNumber);
                 ~~~~~~~~~~~~~~~~~~~~~~~~

  src/app/modules/staff/add_non-Teaching/add_non-Teaching.component.ts:86:13
    86     private OtherInformationComponent!: OtherInformationComponent;
                   ~~~~~~~~~~~~~~~~~~~~~~~~~
    'OtherInformationComponent' is declared here.


Error: src/app/modules/staff/add_non-Teaching/add_non-Teaching.component.ts:188:14 - error TS2551: Property 'CoreInformationComponent' does not exist on type 'addNonTeachingStaffComponent'. Did you mean 'OtherInformationComponent'?

188         this.CoreInformationComponent.CoreInformation.controls.firstName.setValue(this.staffInfo.name[0].firstName);
                 ~~~~~~~~~~~~~~~~~~~~~~~~

  src/app/modules/staff/add_non-Teaching/add_non-Teaching.component.ts:86:13
    86     private OtherInformationComponent!: OtherInformationComponent;
                   ~~~~~~~~~~~~~~~~~~~~~~~~~
    'OtherInformationComponent' is declared here.


Error: src/app/modules/staff/add_non-Teaching/add_non-Teaching.component.ts:189:14 - error TS2551: Property 'CoreInformationComponent' does not exist on type 'addNonTeachingStaffComponent'. Did you mean 'OtherInformationComponent'?

189         this.CoreInformationComponent.CoreInformation.controls.middleName.setValue(this.staffInfo.name[0].middleName);
                 ~~~~~~~~~~~~~~~~~~~~~~~~

  src/app/modules/staff/add_non-Teaching/add_non-Teaching.component.ts:86:13
    86     private OtherInformationComponent!: OtherInformationComponent;
                   ~~~~~~~~~~~~~~~~~~~~~~~~~
    'OtherInformationComponent' is declared here.


Error: src/app/modules/staff/add_non-Teaching/add_non-Teaching.component.ts:190:14 - error TS2551: Property 'CoreInformationComponent' does not exist on type 'addNonTeachingStaffComponent'. Did you mean 'OtherInformationComponent'?

190         this.CoreInformationComponent.CoreInformation.controls.lastName.setValue(this.staffInfo.name[0].lastName);
                 ~~~~~~~~~~~~~~~~~~~~~~~~

  src/app/modules/staff/add_non-Teaching/add_non-Teaching.component.ts:86:13
    86     private OtherInformationComponent!: OtherInformationComponent;
                   ~~~~~~~~~~~~~~~~~~~~~~~~~
    'OtherInformationComponent' is declared here.


Error: src/app/modules/staff/add_non-Teaching/add_non-Teaching.component.ts:191:14 - error TS2551: Property 'CoreInformationComponent' does not exist on type 'addNonTeachingStaffComponent'. Did you mean 'OtherInformationComponent'?

191         this.CoreInformationComponent.CoreInformation.controls.dateOfBirth.setValue(this.staffInfo.dateOfBirth);
                 ~~~~~~~~~~~~~~~~~~~~~~~~

  src/app/modules/staff/add_non-Teaching/add_non-Teaching.component.ts:86:13
    86     private OtherInformationComponent!: OtherInformationComponent;
                   ~~~~~~~~~~~~~~~~~~~~~~~~~
    'OtherInformationComponent' is declared here.


Error: src/app/modules/staff/add_non-Teaching/add_non-Teaching.component.ts:192:14 - error TS2551: Property 'CoreInformationComponent' does not exist on type 'addNonTeachingStaffComponent'. Did you mean 'OtherInformationComponent'?

192         this.CoreInformationComponent.CoreInformation.controls.joiningDate.setValue(this.staffInfo.joiningDate);
                 ~~~~~~~~~~~~~~~~~~~~~~~~

  src/app/modules/staff/add_non-Teaching/add_non-Teaching.component.ts:86:13
    86     private OtherInformationComponent!: OtherInformationComponent;
                   ~~~~~~~~~~~~~~~~~~~~~~~~~
    'OtherInformationComponent' is declared here.


Error: src/app/modules/staff/add_non-Teaching/add_non-Teaching.component.ts:193:14 - error TS2551: Property 'CoreInformationComponent' does not exist on type 'addNonTeachingStaffComponent'. Did you mean 'OtherInformationComponent'?

193         this.CoreInformationComponent.CoreInformation.controls.joiningDesignation.setValue(this.staffInfo.joiningDesignation);
                 ~~~~~~~~~~~~~~~~~~~~~~~~

  src/app/modules/staff/add_non-Teaching/add_non-Teaching.component.ts:86:13
    86     private OtherInformationComponent!: OtherInformationComponent;
                   ~~~~~~~~~~~~~~~~~~~~~~~~~
    'OtherInformationComponent' is declared here.


Error: src/app/modules/staff/add_non-Teaching/add_non-Teaching.component.ts:194:14 - error TS2551: Property 'CoreInformationComponent' does not exist on type 'addNonTeachingStaffComponent'. Did you mean 'OtherInformationComponent'?

194         this.CoreInformationComponent.CoreInformation.controls.department.setValue(this.staffInfo.department.name);
                 ~~~~~~~~~~~~~~~~~~~~~~~~

  src/app/modules/staff/add_non-Teaching/add_non-Teaching.component.ts:86:13
    86     private OtherInformationComponent!: OtherInformationComponent;
                   ~~~~~~~~~~~~~~~~~~~~~~~~~
    'OtherInformationComponent' is declared here.


Error: src/app/modules/staff/add_non-Teaching/add_non-Teaching.component.ts:196:14 - error TS2551: Property 'CoreInformationComponent' does not exist on type 'addNonTeachingStaffComponent'. Did you mean 'OtherInformationComponent'?

196         this.CoreInformationComponent.CoreInformation.controls.aadhaarNo.setValue(this.staffInfo.aadharNumber);
                 ~~~~~~~~~~~~~~~~~~~~~~~~

  src/app/modules/staff/add_non-Teaching/add_non-Teaching.component.ts:86:13
    86     private OtherInformationComponent!: OtherInformationComponent;
                   ~~~~~~~~~~~~~~~~~~~~~~~~~
    'OtherInformationComponent' is declared here.


Error: src/app/modules/staff/add_non-Teaching/add_non-Teaching.component.ts:197:14 - error TS2551: Property 'CoreInformationComponent' does not exist on type 'addNonTeachingStaffComponent'. Did you mean 'OtherInformationComponent'?

197         this.CoreInformationComponent.CoreInformation.controls.dlNo.setValue(this.staffInfo.drivingLicense);
                 ~~~~~~~~~~~~~~~~~~~~~~~~

  src/app/modules/staff/add_non-Teaching/add_non-Teaching.component.ts:86:13
    86     private OtherInformationComponent!: OtherInformationComponent;
                   ~~~~~~~~~~~~~~~~~~~~~~~~~
    'OtherInformationComponent' is declared here.


Error: src/app/modules/staff/add_non-Teaching/add_non-Teaching.component.ts:198:14 - error TS2551: Property 'CoreInformationComponent' does not exist on type 'addNonTeachingStaffComponent'. Did you mean 'OtherInformationComponent'?

198         this.CoreInformationComponent.CoreInformation.controls.panNo.setValue(this.staffInfo.pan);
                 ~~~~~~~~~~~~~~~~~~~~~~~~

  src/app/modules/staff/add_non-Teaching/add_non-Teaching.component.ts:86:13
    86     private OtherInformationComponent!: OtherInformationComponent;
                   ~~~~~~~~~~~~~~~~~~~~~~~~~
    'OtherInformationComponent' is declared here.


Error: src/app/modules/staff/add_non-Teaching/add_non-Teaching.component.ts:199:14 - error TS2551: Property 'CoreInformationComponent' does not exist on type 'addNonTeachingStaffComponent'. Did you mean 'OtherInformationComponent'?

199         this.CoreInformationComponent.CoreInformation.controls.passportNo.setValue(this.staffInfo.passport);
                 ~~~~~~~~~~~~~~~~~~~~~~~~

  src/app/modules/staff/add_non-Teaching/add_non-Teaching.component.ts:86:13
    86     private OtherInformationComponent!: OtherInformationComponent;
                   ~~~~~~~~~~~~~~~~~~~~~~~~~
    'OtherInformationComponent' is declared here.


Error: src/app/modules/staff/add_non-Teaching/add_non-Teaching.component.ts:204:14 - error TS2551: Property 'CommunicationDetailsComponent' does not exist on type 'addNonTeachingStaffComponent'. Did you mean 'QualificationDetailsComponent'?

204         this.CommunicationDetailsComponent.mobileNumbers = [...this.staffInfo.mobileNumbers];
                 ~~~~~~~~~~~~~~~~~~~~~~~~~~~~~

  src/app/modules/staff/add_non-Teaching/add_non-Teaching.component.ts:71:13
    71     private QualificationDetailsComponent!: QualificationDetailsComponent;
                   ~~~~~~~~~~~~~~~~~~~~~~~~~~~~~
    'QualificationDetailsComponent' is declared here.


Error: src/app/modules/staff/add_non-Teaching/add_non-Teaching.component.ts:205:14 - error TS2551: Property 'CommunicationDetailsComponent' does not exist on type 'addNonTeachingStaffComponent'. Did you mean 'QualificationDetailsComponent'?

205         this.CommunicationDetailsComponent.emailIDs = [...this.staffInfo.emails];
                 ~~~~~~~~~~~~~~~~~~~~~~~~~~~~~

  src/app/modules/staff/add_non-Teaching/add_non-Teaching.component.ts:71:13
    71     private QualificationDetailsComponent!: QualificationDetailsComponent;
                   ~~~~~~~~~~~~~~~~~~~~~~~~~~~~~
    'QualificationDetailsComponent' is declared here.


Error: src/app/modules/staff/add_non-Teaching/add_non-Teaching.component.ts:206:14 - error TS2551: Property 'CommunicationDetailsComponent' does not exist on type 'addNonTeachingStaffComponent'. Did you mean 'QualificationDetailsComponent'?

206         this.CommunicationDetailsComponent.CommunicationDetails.controls.VUEmailID.setValue(this.staffInfo.vuEmail.split('@vupune.ac.in')[0]);
                 ~~~~~~~~~~~~~~~~~~~~~~~~~~~~~

  src/app/modules/staff/add_non-Teaching/add_non-Teaching.component.ts:71:13
    71     private QualificationDetailsComponent!: QualificationDetailsComponent;
                   ~~~~~~~~~~~~~~~~~~~~~~~~~~~~~
    'QualificationDetailsComponent' is declared here.


Error: src/app/modules/staff/add_non-Teaching/add_non-Teaching.component.ts:208:14 - error TS2551: Property 'CommunicationDetailsComponent' does not exist on type 'addNonTeachingStaffComponent'. Did you mean 'QualificationDetailsComponent'?

208         this.CommunicationDetailsComponent.dataSource.data =
                 ~~~~~~~~~~~~~~~~~~~~~~~~~~~~~

  src/app/modules/staff/add_non-Teaching/add_non-Teaching.component.ts:71:13
    71     private QualificationDetailsComponent!: QualificationDetailsComponent;
                   ~~~~~~~~~~~~~~~~~~~~~~~~~~~~~
    'QualificationDetailsComponent' is declared here.


Error: src/app/modules/staff/add_non-Teaching/add_non-Teaching.component.ts:288:35 - error TS2551: Property 'CoreInformationComponent' does not exist on type 'addNonTeachingStaffComponent'. Did you mean 'OtherInformationComponent'?

288         data['department'] = this.CoreInformationComponent.departmentId.value;
                                      ~~~~~~~~~~~~~~~~~~~~~~~~

  src/app/modules/staff/add_non-Teaching/add_non-Teaching.component.ts:86:13
    86     private OtherInformationComponent!: OtherInformationComponent;
                   ~~~~~~~~~~~~~~~~~~~~~~~~~
    'OtherInformationComponent' is declared here.


Error: src/app/modules/staff/add_non-Teaching/add_non-Teaching.component.ts:289:32 - error TS2551: Property 'CoreInformationComponent' does not exist on type 'addNonTeachingStaffComponent'. Did you mean 'OtherInformationComponent'?

289         data['faculty'] = this.CoreInformationComponent.facultyId.value;
                                   ~~~~~~~~~~~~~~~~~~~~~~~~

  src/app/modules/staff/add_non-Teaching/add_non-Teaching.component.ts:86:13
    86     private OtherInformationComponent!: OtherInformationComponent;
                   ~~~~~~~~~~~~~~~~~~~~~~~~~
    'OtherInformationComponent' is declared here.


Error: src/app/modules/staff/add_non-Teaching/add_non-Teaching.component.ts:290:31 - error TS2551: Property 'CoreInformationComponent' does not exist on type 'addNonTeachingStaffComponent'. Did you mean 'OtherInformationComponent'?

290         data['school'] = this.CoreInformationComponent.schoolId.value;
                                  ~~~~~~~~~~~~~~~~~~~~~~~~

  src/app/modules/staff/add_non-Teaching/add_non-Teaching.component.ts:86:13
    86     private OtherInformationComponent!: OtherInformationComponent;
                   ~~~~~~~~~~~~~~~~~~~~~~~~~
    'OtherInformationComponent' is declared here.


Error: src/app/modules/staff/add_non-Teaching/add_non-Teaching.component.ts:299:38 - error TS2551: Property 'CommunicationDetailsComponent' does not exist on type 'addNonTeachingStaffComponent'. Did you mean 'QualificationDetailsComponent'?

299         data['mobileNumbers'] = this.CommunicationDetailsComponent.mobileNumbers
                                         ~~~~~~~~~~~~~~~~~~~~~~~~~~~~~

  src/app/modules/staff/add_non-Teaching/add_non-Teaching.component.ts:71:13
    71     private QualificationDetailsComponent!: QualificationDetailsComponent;
                   ~~~~~~~~~~~~~~~~~~~~~~~~~~~~~
    'QualificationDetailsComponent' is declared here.


Error: src/app/modules/staff/add_non-Teaching/add_non-Teaching.component.ts:300:31 - error TS2551: Property 'CommunicationDetailsComponent' does not exist on type 'addNonTeachingStaffComponent'. Did you mean 'QualificationDetailsComponent'?

300         data['emails'] = this.CommunicationDetailsComponent.emailIDs
                                  ~~~~~~~~~~~~~~~~~~~~~~~~~~~~~

  src/app/modules/staff/add_non-Teaching/add_non-Teaching.component.ts:71:13
    71     private QualificationDetailsComponent!: QualificationDetailsComponent;
                   ~~~~~~~~~~~~~~~~~~~~~~~~~~~~~
    'QualificationDetailsComponent' is declared here.


Error: src/app/modules/staff/add_non-Teaching/add_non-Teaching.component.ts:303:30 - error TS2551: Property 'CommunicationDetailsComponent' does not exist on type 'addNonTeachingStaffComponent'. Did you mean 'QualificationDetailsComponent'?

303         let addresses = this.CommunicationDetailsComponent.dataSource.data;
                                 ~~~~~~~~~~~~~~~~~~~~~~~~~~~~~

  src/app/modules/staff/add_non-Teaching/add_non-Teaching.component.ts:71:13
    71     private QualificationDetailsComponent!: QualificationDetailsComponent;
                   ~~~~~~~~~~~~~~~~~~~~~~~~~~~~~
    'QualificationDetailsComponent' is declared here.



√ Browser application bundle generation complete.

Lazy Chunk Files                         | Names |      Size
src_app_modules_staff_staff_module_ts.js | -     | 230.65 kB

13 unchanged chunks

Build at: 2022-04-02T11:00:07.231Z - Hash: 79732c6e088be6e213e9 - Time: 6518ms

Error: src/app/modules/staff/add_non-Teaching/add_non-Teaching.component.ts:70:16 - error TS2304: Cannot find name 'QualificationDetailsComponent'.

70     @ViewChild(QualificationDetailsComponent)
                  ~~~~~~~~~~~~~~~~~~~~~~~~~~~~~


Error: src/app/modules/staff/add_non-Teaching/add_non-Teaching.component.ts:71:45 - error TS2304: Cannot find name 'QualificationDetailsComponent'.

71     private QualificationDetailsComponent!: QualificationDetailsComponent;
                                               ~~~~~~~~~~~~~~~~~~~~~~~~~~~~~


Error: src/app/modules/staff/add_non-Teaching/add_non-Teaching.component.ts:73:16 - error TS2304: Cannot find name 'ExperienceDetailsComponent'.

73     @ViewChild(ExperienceDetailsComponent)
                  ~~~~~~~~~~~~~~~~~~~~~~~~~~


Error: src/app/modules/staff/add_non-Teaching/add_non-Teaching.component.ts:74:42 - error TS2304: Cannot find name 'ExperienceDetailsComponent'.

74     private ExperienceDetailsComponent!: ExperienceDetailsComponent;
                                            ~~~~~~~~~~~~~~~~~~~~~~~~~~


Error: src/app/modules/staff/add_non-Teaching/add_non-Teaching.component.ts:76:16 - error TS2304: Cannot find name 'BankingDetailsComponent'.

76     @ViewChild(BankingDetailsComponent)
                  ~~~~~~~~~~~~~~~~~~~~~~~


Error: src/app/modules/staff/add_non-Teaching/add_non-Teaching.component.ts:77:39 - error TS2304: Cannot find name 'BankingDetailsComponent'.

77     private BankingDetailsComponent!: BankingDetailsComponent;
                                         ~~~~~~~~~~~~~~~~~~~~~~~


Error: src/app/modules/staff/add_non-Teaching/add_non-Teaching.component.ts:79:16 - error TS2304: Cannot find name 'DocumentsComponent'.

79     @ViewChild(DocumentsComponent)
                  ~~~~~~~~~~~~~~~~~~


Error: src/app/modules/staff/add_non-Teaching/add_non-Teaching.component.ts:80:34 - error TS2304: Cannot find name 'DocumentsComponent'.

80     private DocumentsComponent!: DocumentsComponent;
                                    ~~~~~~~~~~~~~~~~~~


Error: src/app/modules/staff/add_non-Teaching/add_non-Teaching.component.ts:82:16 - error TS2304: Cannot find name 'PersonalDetailsComponent'.

82     @ViewChild(PersonalDetailsComponent)
                  ~~~~~~~~~~~~~~~~~~~~~~~~


Error: src/app/modules/staff/add_non-Teaching/add_non-Teaching.component.ts:83:40 - error TS2304: Cannot find name 'PersonalDetailsComponent'.

83     private PersonalDetailsComponent!: PersonalDetailsComponent;
                                          ~~~~~~~~~~~~~~~~~~~~~~~~


Error: src/app/modules/staff/add_non-Teaching/add_non-Teaching.component.ts:85:16 - error TS2304: Cannot find name 'OtherInformationComponent'.

85     @ViewChild(OtherInformationComponent)
                  ~~~~~~~~~~~~~~~~~~~~~~~~~


Error: src/app/modules/staff/add_non-Teaching/add_non-Teaching.component.ts:86:41 - error TS2304: Cannot find name 'OtherInformationComponent'.

86     private OtherInformationComponent!: OtherInformationComponent;
                                           ~~~~~~~~~~~~~~~~~~~~~~~~~


Error: src/app/modules/staff/add_non-Teaching/add_non-Teaching.component.ts:122:37 - error TS2551: Property 'CoreInformationComponent' does not exist on type 'addNonTeachingStaffComponent'. Did you mean 'OtherInformationComponent'?

122         this.CoreInformation = this.CoreInformationComponent.CoreInformation;
                                        ~~~~~~~~~~~~~~~~~~~~~~~~

  src/app/modules/staff/add_non-Teaching/add_non-Teaching.component.ts:86:13
    86     private OtherInformationComponent!: OtherInformationComponent;
                   ~~~~~~~~~~~~~~~~~~~~~~~~~
    'OtherInformationComponent' is declared here.


Error: src/app/modules/staff/add_non-Teaching/add_non-Teaching.component.ts:123:42 - error TS2551: Property 'CommunicationDetailsComponent' does not exist on type 'addNonTeachingStaffComponent'. Did you mean 'QualificationDetailsComponent'?

123         this.CommunicationDetails = this.CommunicationDetailsComponent.CommunicationDetails;
                                             ~~~~~~~~~~~~~~~~~~~~~~~~~~~~~

  src/app/modules/staff/add_non-Teaching/add_non-Teaching.component.ts:71:13
    71     private QualificationDetailsComponent!: QualificationDetailsComponent;
                   ~~~~~~~~~~~~~~~~~~~~~~~~~~~~~
    'QualificationDetailsComponent' is declared here.


Error: src/app/modules/staff/add_non-Teaching/add_non-Teaching.component.ts:138:18 - error TS2551: Property 'CommunicationDetailsComponent' does not exist on type 'addNonTeachingStaffComponent'. Did you mean 'QualificationDetailsComponent'?

138             this.CommunicationDetailsComponent.CommunicationDetails.get('VUEmailID').setValue(email)
                     ~~~~~~~~~~~~~~~~~~~~~~~~~~~~~

  src/app/modules/staff/add_non-Teaching/add_non-Teaching.component.ts:71:13
    71     private QualificationDetailsComponent!: QualificationDetailsComponent;
                   ~~~~~~~~~~~~~~~~~~~~~~~~~~~~~
    'QualificationDetailsComponent' is declared here.


Error: src/app/modules/staff/add_non-Teaching/add_non-Teaching.component.ts:144:18 - error TS2551: Property 'CommunicationDetailsComponent' does not exist on type 'addNonTeachingStaffComponent'. Did you mean 'QualificationDetailsComponent'?

144             this.CommunicationDetailsComponent.CommunicationDetails.get('VUEmailID').setValue(email)
                     ~~~~~~~~~~~~~~~~~~~~~~~~~~~~~

  src/app/modules/staff/add_non-Teaching/add_non-Teaching.component.ts:71:13
    71     private QualificationDetailsComponent!: QualificationDetailsComponent;
                   ~~~~~~~~~~~~~~~~~~~~~~~~~~~~~
    'QualificationDetailsComponent' is declared here.


Error: src/app/modules/staff/add_non-Teaching/add_non-Teaching.component.ts:151:22 - error TS2551: Property 'CoreInformationComponent' does not exist on type 'addNonTeachingStaffComponent'. Did you mean 'OtherInformationComponent'?

151                 this.CoreInformationComponent.CoreInformation.controls.employmentNumber.setValue(res.employmentNumber);
                         ~~~~~~~~~~~~~~~~~~~~~~~~

  src/app/modules/staff/add_non-Teaching/add_non-Teaching.component.ts:86:13
    86     private OtherInformationComponent!: OtherInformationComponent;
                   ~~~~~~~~~~~~~~~~~~~~~~~~~
    'OtherInformationComponent' is declared here.


Error: src/app/modules/staff/add_non-Teaching/add_non-Teaching.component.ts:187:14 - error TS2551: Property 'CoreInformationComponent' does not exist on type 'addNonTeachingStaffComponent'. Did you mean 'OtherInformationComponent'?

187         this.CoreInformationComponent.CoreInformation.controls.employmentNumber.setValue(this.staffInfo.employmentNumber);
                 ~~~~~~~~~~~~~~~~~~~~~~~~

  src/app/modules/staff/add_non-Teaching/add_non-Teaching.component.ts:86:13
    86     private OtherInformationComponent!: OtherInformationComponent;
                   ~~~~~~~~~~~~~~~~~~~~~~~~~
    'OtherInformationComponent' is declared here.


Error: src/app/modules/staff/add_non-Teaching/add_non-Teaching.component.ts:188:14 - error TS2551: Property 'CoreInformationComponent' does not exist on type 'addNonTeachingStaffComponent'. Did you mean 'OtherInformationComponent'?

188         this.CoreInformationComponent.CoreInformation.controls.firstName.setValue(this.staffInfo.name[0].firstName);
                 ~~~~~~~~~~~~~~~~~~~~~~~~

  src/app/modules/staff/add_non-Teaching/add_non-Teaching.component.ts:86:13
    86     private OtherInformationComponent!: OtherInformationComponent;
                   ~~~~~~~~~~~~~~~~~~~~~~~~~
    'OtherInformationComponent' is declared here.


Error: src/app/modules/staff/add_non-Teaching/add_non-Teaching.component.ts:189:14 - error TS2551: Property 'CoreInformationComponent' does not exist on type 'addNonTeachingStaffComponent'. Did you mean 'OtherInformationComponent'?

189         this.CoreInformationComponent.CoreInformation.controls.middleName.setValue(this.staffInfo.name[0].middleName);
                 ~~~~~~~~~~~~~~~~~~~~~~~~

  src/app/modules/staff/add_non-Teaching/add_non-Teaching.component.ts:86:13
    86     private OtherInformationComponent!: OtherInformationComponent;
                   ~~~~~~~~~~~~~~~~~~~~~~~~~
    'OtherInformationComponent' is declared here.


Error: src/app/modules/staff/add_non-Teaching/add_non-Teaching.component.ts:190:14 - error TS2551: Property 'CoreInformationComponent' does not exist on type 'addNonTeachingStaffComponent'. Did you mean 'OtherInformationComponent'?

190         this.CoreInformationComponent.CoreInformation.controls.lastName.setValue(this.staffInfo.name[0].lastName);
                 ~~~~~~~~~~~~~~~~~~~~~~~~

  src/app/modules/staff/add_non-Teaching/add_non-Teaching.component.ts:86:13
    86     private OtherInformationComponent!: OtherInformationComponent;
                   ~~~~~~~~~~~~~~~~~~~~~~~~~
    'OtherInformationComponent' is declared here.


Error: src/app/modules/staff/add_non-Teaching/add_non-Teaching.component.ts:191:14 - error TS2551: Property 'CoreInformationComponent' does not exist on type 'addNonTeachingStaffComponent'. Did you mean 'OtherInformationComponent'?

191         this.CoreInformationComponent.CoreInformation.controls.dateOfBirth.setValue(this.staffInfo.dateOfBirth);
                 ~~~~~~~~~~~~~~~~~~~~~~~~

  src/app/modules/staff/add_non-Teaching/add_non-Teaching.component.ts:86:13
    86     private OtherInformationComponent!: OtherInformationComponent;
                   ~~~~~~~~~~~~~~~~~~~~~~~~~
    'OtherInformationComponent' is declared here.


Error: src/app/modules/staff/add_non-Teaching/add_non-Teaching.component.ts:192:14 - error TS2551: Property 'CoreInformationComponent' does not exist on type 'addNonTeachingStaffComponent'. Did you mean 'OtherInformationComponent'?

192         this.CoreInformationComponent.CoreInformation.controls.joiningDate.setValue(this.staffInfo.joiningDate);
                 ~~~~~~~~~~~~~~~~~~~~~~~~

  src/app/modules/staff/add_non-Teaching/add_non-Teaching.component.ts:86:13
    86     private OtherInformationComponent!: OtherInformationComponent;
                   ~~~~~~~~~~~~~~~~~~~~~~~~~
    'OtherInformationComponent' is declared here.


Error: src/app/modules/staff/add_non-Teaching/add_non-Teaching.component.ts:193:14 - error TS2551: Property 'CoreInformationComponent' does not exist on type 'addNonTeachingStaffComponent'. Did you mean 'OtherInformationComponent'?

193         this.CoreInformationComponent.CoreInformation.controls.joiningDesignation.setValue(this.staffInfo.joiningDesignation);
                 ~~~~~~~~~~~~~~~~~~~~~~~~

  src/app/modules/staff/add_non-Teaching/add_non-Teaching.component.ts:86:13
    86     private OtherInformationComponent!: OtherInformationComponent;
                   ~~~~~~~~~~~~~~~~~~~~~~~~~
    'OtherInformationComponent' is declared here.


Error: src/app/modules/staff/add_non-Teaching/add_non-Teaching.component.ts:194:14 - error TS2551: Property 'CoreInformationComponent' does not exist on type 'addNonTeachingStaffComponent'. Did you mean 'OtherInformationComponent'?

194         this.CoreInformationComponent.CoreInformation.controls.department.setValue(this.staffInfo.department.name);
                 ~~~~~~~~~~~~~~~~~~~~~~~~

  src/app/modules/staff/add_non-Teaching/add_non-Teaching.component.ts:86:13
    86     private OtherInformationComponent!: OtherInformationComponent;
                   ~~~~~~~~~~~~~~~~~~~~~~~~~
    'OtherInformationComponent' is declared here.


Error: src/app/modules/staff/add_non-Teaching/add_non-Teaching.component.ts:196:14 - error TS2551: Property 'CoreInformationComponent' does not exist on type 'addNonTeachingStaffComponent'. Did you mean 'OtherInformationComponent'?

196         this.CoreInformationComponent.CoreInformation.controls.aadhaarNo.setValue(this.staffInfo.aadharNumber);
                 ~~~~~~~~~~~~~~~~~~~~~~~~

  src/app/modules/staff/add_non-Teaching/add_non-Teaching.component.ts:86:13
    86     private OtherInformationComponent!: OtherInformationComponent;
                   ~~~~~~~~~~~~~~~~~~~~~~~~~
    'OtherInformationComponent' is declared here.


Error: src/app/modules/staff/add_non-Teaching/add_non-Teaching.component.ts:197:14 - error TS2551: Property 'CoreInformationComponent' does not exist on type 'addNonTeachingStaffComponent'. Did you mean 'OtherInformationComponent'?

197         this.CoreInformationComponent.CoreInformation.controls.dlNo.setValue(this.staffInfo.drivingLicense);
                 ~~~~~~~~~~~~~~~~~~~~~~~~

  src/app/modules/staff/add_non-Teaching/add_non-Teaching.component.ts:86:13
    86     private OtherInformationComponent!: OtherInformationComponent;
                   ~~~~~~~~~~~~~~~~~~~~~~~~~
    'OtherInformationComponent' is declared here.


Error: src/app/modules/staff/add_non-Teaching/add_non-Teaching.component.ts:198:14 - error TS2551: Property 'CoreInformationComponent' does not exist on type 'addNonTeachingStaffComponent'. Did you mean 'OtherInformationComponent'?

198         this.CoreInformationComponent.CoreInformation.controls.panNo.setValue(this.staffInfo.pan);
                 ~~~~~~~~~~~~~~~~~~~~~~~~

  src/app/modules/staff/add_non-Teaching/add_non-Teaching.component.ts:86:13
    86     private OtherInformationComponent!: OtherInformationComponent;
                   ~~~~~~~~~~~~~~~~~~~~~~~~~
    'OtherInformationComponent' is declared here.


Error: src/app/modules/staff/add_non-Teaching/add_non-Teaching.component.ts:199:14 - error TS2551: Property 'CoreInformationComponent' does not exist on type 'addNonTeachingStaffComponent'. Did you mean 'OtherInformationComponent'?

199         this.CoreInformationComponent.CoreInformation.controls.passportNo.setValue(this.staffInfo.passport);
                 ~~~~~~~~~~~~~~~~~~~~~~~~

  src/app/modules/staff/add_non-Teaching/add_non-Teaching.component.ts:86:13
    86     private OtherInformationComponent!: OtherInformationComponent;
                   ~~~~~~~~~~~~~~~~~~~~~~~~~
    'OtherInformationComponent' is declared here.


Error: src/app/modules/staff/add_non-Teaching/add_non-Teaching.component.ts:204:14 - error TS2551: Property 'CommunicationDetailsComponent' does not exist on type 'addNonTeachingStaffComponent'. Did you mean 'QualificationDetailsComponent'?

204         this.CommunicationDetailsComponent.mobileNumbers = [...this.staffInfo.mobileNumbers];
                 ~~~~~~~~~~~~~~~~~~~~~~~~~~~~~

  src/app/modules/staff/add_non-Teaching/add_non-Teaching.component.ts:71:13
    71     private QualificationDetailsComponent!: QualificationDetailsComponent;
                   ~~~~~~~~~~~~~~~~~~~~~~~~~~~~~
    'QualificationDetailsComponent' is declared here.


Error: msrc/app/modules/staff/add_non-Teaching/add_non-Teaching.component.ts:205:14 - error TS2551: Property 'CommunicationDetailsComponent' does not exist on type 'addNonTeachingStaffComponent'. Did you mean 'QualificationDetailsComponent'?

205         this.CommunicationDetailsComponent.emailIDs = [...this.staffInfo.emails];
                 ~~~~~~~~~~~~~~~~~~~~~~~~~~~~~

  src/app/modules/staff/add_non-Teaching/add_non-Teaching.component.ts:71:13
    71     private QualificationDetailsComponent!: QualificationDetailsComponent;
                   ~~~~~~~~~~~~~~~~~~~~~~~~~~~~~
    'QualificationDetailsComponent' is declared here.


Error: src/app/modules/staff/add_non-Teaching/add_non-Teaching.component.ts:206:14 - error TS2551: Property 'CommunicationDetailsComponent' does not exist on type 'addNonTeachingStaffComponent'. Did you mean 'QualificationDetailsComponent'?

206         this.CommunicationDetailsComponent.CommunicationDetails.controls.VUEmailID.setValue(this.staffInfo.vuEmail.split('@vupune.ac.in')[0]);
                 ~~~~~~~~~~~~~~~~~~~~~~~~~~~~~

  src/app/modules/staff/add_non-Teaching/add_non-Teaching.component.ts:71:13
    71     private QualificationDetailsComponent!: QualificationDetailsComponent;
                   ~~~~~~~~~~~~~~~~~~~~~~~~~~~~~
    'QualificationDetailsComponent' is declared here.


Error: src/app/modules/staff/add_non-Teaching/add_non-Teaching.component.ts:208:14 - error TS2551: Property 'CommunicationDetailsComponent' does not exist on type 'addNonTeachingStaffComponent'. Did you mean 'QualificationDetailsComponent'?

208         this.CommunicationDetailsComponent.dataSource.data =
                 ~~~~~~~~~~~~~~~~~~~~~~~~~~~~~

  src/app/modules/staff/add_non-Teaching/add_non-Teaching.component.ts:71:13
    71     private QualificationDetailsComponent!: QualificationDetailsComponent;
                   ~~~~~~~~~~~~~~~~~~~~~~~~~~~~~
    'QualificationDetailsComponent' is declared here.


Error: src/app/modules/staff/add_non-Teaching/add_non-Teaching.component.ts:288:35 - error TS2551: Property 'CoreInformationComponent' does not exist on type 'addNonTeachingStaffComponent'. Did you mean 'OtherInformationComponent'?

288         data['department'] = this.CoreInformationComponent.departmentId.value;
                                      ~~~~~~~~~~~~~~~~~~~~~~~~

  src/app/modules/staff/add_non-Teaching/add_non-Teaching.component.ts:86:13
    86     private OtherInformationComponent!: OtherInformationComponent;
                   ~~~~~~~~~~~~~~~~~~~~~~~~~
    'OtherInformationComponent' is declared here.


Error: src/app/modules/staff/add_non-Teaching/add_non-Teaching.component.ts:289:32 - error TS2551: Property 'CoreInformationComponent' does not exist on type 'addNonTeachingStaffComponent'. Did you mean 'OtherInformationComponent'?

289         data['faculty'] = this.CoreInformationComponent.facultyId.value;
                                   ~~~~~~~~~~~~~~~~~~~~~~~~

  src/app/modules/staff/add_non-Teaching/add_non-Teaching.component.ts:86:13
    86     private OtherInformationComponent!: OtherInformationComponent;
                   ~~~~~~~~~~~~~~~~~~~~~~~~~
    'OtherInformationComponent' is declared here.


Error: src/app/modules/staff/add_non-Teaching/add_non-Teaching.component.ts:290:31 - error TS2551: Property 'CoreInformationComponent' does not exist on type 'addNonTeachingStaffComponent'. Did you mean 'OtherInformationComponent'?

290         data['school'] = this.CoreInformationComponent.schoolId.value;
                                  ~~~~~~~~~~~~~~~~~~~~~~~~

  src/app/modules/staff/add_non-Teaching/add_non-Teaching.component.ts:86:13
    86     private OtherInformationComponent!: OtherInformationComponent;
                   ~~~~~~~~~~~~~~~~~~~~~~~~~
    'OtherInformationComponent' is declared here.


Error: src/app/modules/staff/add_non-Teaching/add_non-Teaching.component.ts:299:38 - error TS2551: Property 'CommunicationDetailsComponent' does not exist on type 'addNonTeachingStaffComponent'. Did you mean 'QualificationDetailsComponent'?

299         data['mobileNumbers'] = this.CommunicationDetailsComponent.mobileNumbers
                                         ~~~~~~~~~~~~~~~~~~~~~~~~~~~~~

  src/app/modules/staff/add_non-Teaching/add_non-Teaching.component.ts:71:13
    71     private QualificationDetailsComponent!: QualificationDetailsComponent;
                   ~~~~~~~~~~~~~~~~~~~~~~~~~~~~~
    'QualificationDetailsComponent' is declared here.


Error: src/app/modules/staff/add_non-Teaching/add_non-Teaching.component.ts:300:31 - error TS2551: Property 'CommunicationDetailsComponent' does not exist on type 'addNonTeachingStaffComponent'. Did you mean 'QualificationDetailsComponent'?

300         data['emails'] = this.CommunicationDetailsComponent.emailIDs
                                  ~~~~~~~~~~~~~~~~~~~~~~~~~~~~~

  src/app/modules/staff/add_non-Teaching/add_non-Teaching.component.ts:71:13
    71     private QualificationDetailsComponent!: QualificationDetailsComponent;
                   ~~~~~~~~~~~~~~~~~~~~~~~~~~~~~
    'QualificationDetailsComponent' is declared here.


Error: src/app/modules/staff/add_non-Teaching/add_non-Teaching.component.ts:303:30 - error TS2551: Property 'CommunicationDetailsComponent' does not exist on type 'addNonTeachingStaffComponent'. Did you mean 'QualificationDetailsComponent'?

303         let addresses = this.CommunicationDetailsComponent.dataSource.data;
                                 ~~~~~~~~~~~~~~~~~~~~~~~~~~~~~

  src/app/modules/staff/add_non-Teaching/add_non-Teaching.component.ts:71:13
    71     private QualificationDetailsComponent!: QualificationDetailsComponent;
                   ~~~~~~~~~~~~~~~~~~~~~~~~~~~~~
    'QualificationDetailsComponent' is declared here.



√ Browser application bundle generation complete.

Lazy Chunk Files                         | Names |      Size
src_app_modules_staff_staff_module_ts.js | -     | 230.63 kB

13 unchanged chunks

Build at: 2022-04-02T11:00:27.785Z - Hash: 768912b9e076712ab9d7 - Time: 6704ms

Error: src/app/modules/staff/add_non-Teaching/add_non-Teaching.component.ts:70:16 - error TS2304: Cannot find name 'QualificationDetailsComponent'.

70     @ViewChild(QualificationDetailsComponent)
                  ~~~~~~~~~~~~~~~~~~~~~~~~~~~~~


Error: src/app/modules/staff/add_non-Teaching/add_non-Teaching.component.ts:71:45 - error TS2304: Cannot find name 'QualificationDetailsComponent'.

71     private QualificationDetailsComponent!: QualificationDetailsComponent;
                                               ~~~~~~~~~~~~~~~~~~~~~~~~~~~~~


Error: src/app/modules/staff/add_non-Teaching/add_non-Teaching.component.ts:73:16 - error TS2304: Cannot find name 'ExperienceDetailsComponent'.

73     @ViewChild(ExperienceDetailsComponent)
                  ~~~~~~~~~~~~~~~~~~~~~~~~~~


Error: src/app/modules/staff/add_non-Teaching/add_non-Teaching.component.ts:74:42 - error TS2304: Cannot find name 'ExperienceDetailsComponent'.

74     private ExperienceDetailsComponent!: ExperienceDetailsComponent;
                                            ~~~~~~~~~~~~~~~~~~~~~~~~~~


Error: src/app/modules/staff/add_non-Teaching/add_non-Teaching.component.ts:76:16 - error TS2304: Cannot find name 'BankingDetailsComponent'.

76     @ViewChild(BankingDetailsComponent)
                  ~~~~~~~~~~~~~~~~~~~~~~~


Error: src/app/modules/staff/add_non-Teaching/add_non-Teaching.component.ts:77:39 - error TS2304: Cannot find name 'BankingDetailsComponent'.

77     private BankingDetailsComponent!: BankingDetailsComponent;
                                         ~~~~~~~~~~~~~~~~~~~~~~~


Error: src/app/modules/staff/add_non-Teaching/add_non-Teaching.component.ts:79:16 - error TS2304: Cannot find name 'DocumentsComponent'.

79     @ViewChild(DocumentsComponent)
                  ~~~~~~~~~~~~~~~~~~


Error: src/app/modules/staff/add_non-Teaching/add_non-Teaching.component.ts:80:34 - error TS2304: Cannot find name 'DocumentsComponent'.

80     private DocumentsComponent!: DocumentsComponent;
                                    ~~~~~~~~~~~~~~~~~~


Error: src/app/modules/staff/add_non-Teaching/add_non-Teaching.component.ts:82:16 - error TS2304: Cannot find name 'PersonalDetailsComponent'.

82     @ViewChild(PersonalDetailsComponent)
                  ~~~~~~~~~~~~~~~~~~~~~~~~


Error: src/app/modules/staff/add_non-Teaching/add_non-Teaching.component.ts:83:40 - error TS2304: Cannot find name 'PersonalDetailsComponent'.

83     private PersonalDetailsComponent!: PersonalDetailsComponent;
                                          ~~~~~~~~~~~~~~~~~~~~~~~~


Error: src/app/modules/staff/add_non-Teaching/add_non-Teaching.component.ts:85:16 - error TS2304: Cannot find name 'OtherInformationComponent'.

85     @ViewChild(OtherInformationComponent)
                  ~~~~~~~~~~~~~~~~~~~~~~~~~


Error: src/app/modules/staff/add_non-Teaching/add_non-Teaching.component.ts:86:41 - error TS2304: Cannot find name 'OtherInformationComponent'.

86     private OtherInformationComponent!: OtherInformationComponent;
                                           ~~~~~~~~~~~~~~~~~~~~~~~~~


Error: src/app/modules/staff/add_non-Teaching/add_non-Teaching.component.ts:123:42 - error TS2551: Property 'CommunicationDetailsComponent' does not exist on type 'addNonTeachingStaffComponent'. Did you mean 'QualificationDetailsComponent'?

123         this.CommunicationDetails = this.CommunicationDetailsComponent.CommunicationDetails;
                                             ~~~~~~~~~~~~~~~~~~~~~~~~~~~~~

  src/app/modules/staff/add_non-Teaching/add_non-Teaching.component.ts:71:13
    71     private QualificationDetailsComponent!: QualificationDetailsComponent;
                   ~~~~~~~~~~~~~~~~~~~~~~~~~~~~~
    'QualificationDetailsComponent' is declared here.


Error: src/app/modules/staff/add_non-Teaching/add_non-Teaching.component.ts:138:18 - error TS2551: Property 'CommunicationDetailsComponent' does not exist on type 'addNonTeachingStaffComponent'. Did you mean 'QualificationDetailsComponent'?

138             this.CommunicationDetailsComponent.CommunicationDetails.get('VUEmailID').setValue(email)
                     ~~~~~~~~~~~~~~~~~~~~~~~~~~~~~

  src/app/modules/staff/add_non-Teaching/add_non-Teaching.component.ts:71:13
    71     private QualificationDetailsComponent!: QualificationDetailsComponent;
                   ~~~~~~~~~~~~~~~~~~~~~~~~~~~~~
    'QualificationDetailsComponent' is declared here.


Error: src/app/modules/staff/add_non-Teaching/add_non-Teaching.component.ts:144:18 - error TS2551: Property 'CommunicationDetailsComponent' does not exist on type 'addNonTeachingStaffComponent'. Did you mean 'QualificationDetailsComponent'?

144             this.CommunicationDetailsComponent.CommunicationDetails.get('VUEmailID').setValue(email)
                     ~~~~~~~~~~~~~~~~~~~~~~~~~~~~~

  src/app/modules/staff/add_non-Teaching/add_non-Teaching.component.ts:71:13
    71     private QualificationDetailsComponent!: QualificationDetailsComponent;
                   ~~~~~~~~~~~~~~~~~~~~~~~~~~~~~
    'QualificationDetailsComponent' is declared here.


Error: src/app/modules/staff/add_non-Teaching/add_non-Teaching.component.ts:204:14 - error TS2551: Property 'CommunicationDetailsComponent' does not exist on type 'addNonTeachingStaffComponent'. Did you mean 'QualificationDetailsComponent'?

204         this.CommunicationDetailsComponent.mobileNumbers = [...this.staffInfo.mobileNumbers];
                 ~~~~~~~~~~~~~~~~~~~~~~~~~~~~~

  src/app/modules/staff/add_non-Teaching/add_non-Teaching.component.ts:71:13
    71     private QualificationDetailsComponent!: QualificationDetailsComponent;
                   ~~~~~~~~~~~~~~~~~~~~~~~~~~~~~
    'QualificationDetailsComponent' is declared here.


Error: src/app/modules/staff/add_non-Teaching/add_non-Teaching.component.ts:205:14 - error TS2551: Property 'CommunicationDetailsComponent' does not exist on type 'addNonTeachingStaffComponent'. Did you mean 'QualificationDetailsComponent'?

205         this.CommunicationDetailsComponent.emailIDs = [...this.staffInfo.emails];
                 ~~~~~~~~~~~~~~~~~~~~~~~~~~~~~

  src/app/modules/staff/add_non-Teaching/add_non-Teaching.component.ts:71:13
    71     private QualificationDetailsComponent!: QualificationDetailsComponent;
                   ~~~~~~~~~~~~~~~~~~~~~~~~~~~~~
    'QualificationDetailsComponent' is declared here.


Error: src/app/modules/staff/add_non-Teaching/add_non-Teaching.component.ts:206:14 - error TS2551: Property 'CommunicationDetailsComponent' does not exist on type 'addNonTeachingStaffComponent'. Did you mean 'QualificationDetailsComponent'?

206         this.CommunicationDetailsComponent.CommunicationDetails.controls.VUEmailID.setValue(this.staffInfo.vuEmail.split('@vupune.ac.in')[0]);
                 ~~~~~~~~~~~~~~~~~~~~~~~~~~~~~

  src/app/modules/staff/add_non-Teaching/add_non-Teaching.component.ts:71:13
    71     private QualificationDetailsComponent!: QualificationDetailsComponent;
                   ~~~~~~~~~~~~~~~~~~~~~~~~~~~~~
    'QualificationDetailsComponent' is declared here.


Error: src/app/modules/staff/add_non-Teaching/add_non-Teaching.component.ts:208:14 - error TS2551: Property 'CommunicationDetailsComponent' does not exist on type 'addNonTeachingStaffComponent'. Did you mean 'QualificationDetailsComponent'?

208         this.CommunicationDetailsComponent.dataSource.data =
                 ~~~~~~~~~~~~~~~~~~~~~~~~~~~~~

  src/app/modules/staff/add_non-Teaching/add_non-Teaching.component.ts:71:13
    71     private QualificationDetailsComponent!: QualificationDetailsComponent;
                   ~~~~~~~~~~~~~~~~~~~~~~~~~~~~~
    'QualificationDetailsComponent' is declared here.


Error: src/app/modules/staff/add_non-Teaching/add_non-Teaching.component.ts:299:38 - error TS2551: Property 'CommunicationDetailsComponent' does not exist on type 'addNonTeachingStaffComponent'. Did you mean 'QualificationDetailsComponent'?

299         data['mobileNumbers'] = this.CommunicationDetailsComponent.mobileNumbers
                                         ~~~~~~~~~~~~~~~~~~~~~~~~~~~~~

  src/app/modules/staff/add_non-Teaching/add_non-Teaching.component.ts:71:13
    71     private QualificationDetailsComponent!: QualificationDetailsComponent;
                   ~~~~~~~~~~~~~~~~~~~~~~~~~~~~~
    'QualificationDetailsComponent' is declared here.


Error: src/app/modules/staff/add_non-Teaching/add_non-Teaching.component.ts:300:31 - error TS2551: Property 'CommunicationDetailsComponent' does not exist on type 'addNonTeachingStaffComponent'. Did you mean 'QualificationDetailsComponent'?

300         data['emails'] = this.CommunicationDetailsComponent.emailIDs
                                  ~~~~~~~~~~~~~~~~~~~~~~~~~~~~~

  src/app/modules/staff/add_non-Teaching/add_non-Teaching.component.ts:71:13
    71     private QualificationDetailsComponent!: QualificationDetailsComponent;
                   ~~~~~~~~~~~~~~~~~~~~~~~~~~~~~
    'QualificationDetailsComponent' is declared here.


Error: src/app/modules/staff/add_non-Teaching/add_non-Teaching.component.ts:303:30 - error TS2551: Property 'CommunicationDetailsComponent' does not exist on type 'addNonTeachingStaffComponent'. Did you mean 'QualificationDetailsComponent'?

303         let addresses = this.CommunicationDetailsComponent.dataSource.data;
                                 ~~~~~~~~~~~~~~~~~~~~~~~~~~~~~

  src/app/modules/staff/add_non-Teaching/add_non-Teaching.component.ts:71:13
    71     private QualificationDetailsComponent!: QualificationDetailsComponent;
                   ~~~~~~~~~~~~~~~~~~~~~~~~~~~~~
    'QualificationDetailsComponent' is declared here.



√ Browser application bundle generation complete.

Lazy Chunk Files                         | Names |      Size
src_app_modules_staff_staff_module_ts.js | -     | 230.62 kB

13 unchanged chunks

Build at: 2022-04-02T11:00:36.470Z - Hash: 469d01cd0d78c4861928 - Time: 6499ms

Error: src/app/modules/staff/add_non-Teaching/add_non-Teaching.component.ts:70:16 - error TS2304: Cannot find name 'QualificationDetailsComponent'.

70     @ViewChild(QualificationDetailsComponent)
                  ~~~~~~~~~~~~~~~~~~~~~~~~~~~~~


Error: src/app/modules/staff/add_non-Teaching/add_non-Teaching.component.ts:71:45 - error TS2304: Cannot find name 'QualificationDetailsComponent'.

71     private QualificationDetailsComponent!: QualificationDetailsComponent;
                                               ~~~~~~~~~~~~~~~~~~~~~~~~~~~~~


Error: src/app/modules/staff/add_non-Teaching/add_non-Teaching.component.ts:73:16 - error TS2304: Cannot find name 'ExperienceDetailsComponent'.

73     @ViewChild(ExperienceDetailsComponent)
                  ~~~~~~~~~~~~~~~~~~~~~~~~~~


Error: src/app/modules/staff/add_non-Teaching/add_non-Teaching.component.ts:74:42 - error TS2304: Cannot find name 'ExperienceDetailsComponent'.

74     private ExperienceDetailsComponent!: ExperienceDetailsComponent;
                                            ~~~~~~~~~~~~~~~~~~~~~~~~~~


Error: src/app/modules/staff/add_non-Teaching/add_non-Teaching.component.ts:76:16 - error TS2304: Cannot find name 'BankingDetailsComponent'.

76     @ViewChild(BankingDetailsComponent)
                  ~~~~~~~~~~~~~~~~~~~~~~~


Error: src/app/modules/staff/add_non-Teaching/add_non-Teaching.component.ts:77:39 - error TS2304: Cannot find name 'BankingDetailsComponent'.

77     private BankingDetailsComponent!: BankingDetailsComponent;
                                         ~~~~~~~~~~~~~~~~~~~~~~~


Error: src/app/modules/staff/add_non-Teaching/add_non-Teaching.component.ts:79:16 - error TS2304: Cannot find name 'DocumentsComponent'.

79     @ViewChild(DocumentsComponent)
                  ~~~~~~~~~~~~~~~~~~


Error: src/app/modules/staff/add_non-Teaching/add_non-Teaching.component.ts:80:34 - error TS2304: Cannot find name 'DocumentsComponent'.

80     private DocumentsComponent!: DocumentsComponent;
                                    ~~~~~~~~~~~~~~~~~~


Error: src/app/modules/staff/add_non-Teaching/add_non-Teaching.component.ts:82:16 - error TS2304: Cannot find name 'PersonalDetailsComponent'.

82     @ViewChild(PersonalDetailsComponent)
                  ~~~~~~~~~~~~~~~~~~~~~~~~


Error: src/app/modules/staff/add_non-Teaching/add_non-Teaching.component.ts:83:40 - error TS2304: Cannot find name 'PersonalDetailsComponent'.

83     private PersonalDetailsComponent!: PersonalDetailsComponent;
                                          ~~~~~~~~~~~~~~~~~~~~~~~~


Error: src/app/modules/staff/add_non-Teaching/add_non-Teaching.component.ts:85:16 - error TS2304: Cannot find name 'OtherInformationComponent'.

85     @ViewChild(OtherInformationComponent)
                  ~~~~~~~~~~~~~~~~~~~~~~~~~


Error: src/app/modules/staff/add_non-Teaching/add_non-Teaching.component.ts:86:41 - error TS2304: Cannot find name 'OtherInformationComponent'.

86     private OtherInformationComponent!: OtherInformationComponent;
                                           ~~~~~~~~~~~~~~~~~~~~~~~~~



√ Browser application bundle generation complete.

Lazy Chunk Files                         | Names |      Size
src_app_modules_staff_staff_module_ts.js | -     | 230.62 kB

13 unchanged chunks

Build at: 2022-04-02T11:00:46.583Z - Hash: 1048a3571c9e9d2648dc - Time: 5176ms

Error: src/app/modules/staff/add_non-Teaching/add_non-Teaching.component.ts:70:16 - error TS2304: Cannot find name 'QualificationDetailsComponent'.

70     @ViewChild(QualificationDetailsComponent)
                  ~~~~~~~~~~~~~~~~~~~~~~~~~~~~~


Error: src/app/modules/staff/add_non-Teaching/add_non-Teaching.component.ts:73:16 - error TS2304: Cannot find name 'ExperienceDetailsComponent'.

73     @ViewChild(ExperienceDetailsComponent)
                  ~~~~~~~~~~~~~~~~~~~~~~~~~~


Error: src/app/modules/staff/add_non-Teaching/add_non-Teaching.component.ts:74:42 - error TS2304: Cannot find name 'ExperienceDetailsComponent'.

74     private ExperienceDetailsComponent!: ExperienceDetailsComponent;
                                            ~~~~~~~~~~~~~~~~~~~~~~~~~~


Error: src/app/modules/staff/add_non-Teaching/add_non-Teaching.component.ts:76:16 - error TS2304: Cannot find name 'BankingDetailsComponent'.

76     @ViewChild(BankingDetailsComponent)
                  ~~~~~~~~~~~~~~~~~~~~~~~


Error: src/app/modules/staff/add_non-Teaching/add_non-Teaching.component.ts:77:39 - error TS2304: Cannot find name 'BankingDetailsComponent'.

77     private BankingDetailsComponent!: BankingDetailsComponent;
                                         ~~~~~~~~~~~~~~~~~~~~~~~


Error: src/app/modules/staff/add_non-Teaching/add_non-Teaching.component.ts:79:16 - error TS2304: Cannot find name 'DocumentsComponent'.

79     @ViewChild(DocumentsComponent)
                  ~~~~~~~~~~~~~~~~~~


Error: src/app/modules/staff/add_non-Teaching/add_non-Teaching.component.ts:80:34 - error TS2304: Cannot find name 'DocumentsComponent'.

80     private DocumentsComponent!: DocumentsComponent;
                                    ~~~~~~~~~~~~~~~~~~


Error: src/app/modules/staff/add_non-Teaching/add_non-Teaching.component.ts:82:16 - error TS2304: Cannot find name 'PersonalDetailsComponent'.

82     @ViewChild(PersonalDetailsComponent)
                  ~~~~~~~~~~~~~~~~~~~~~~~~


Error: src/app/modules/staff/add_non-Teaching/add_non-Teaching.component.ts:83:40 - error TS2304: Cannot find name 'PersonalDetailsComponent'.

83     private PersonalDetailsComponent!: PersonalDetailsComponent;
                                          ~~~~~~~~~~~~~~~~~~~~~~~~


Error: src/app/modules/staff/add_non-Teaching/add_non-Teaching.component.ts:85:16 - error TS2304: Cannot find name 'OtherInformationComponent'.

85     @ViewChild(OtherInformationComponent)
                  ~~~~~~~~~~~~~~~~~~~~~~~~~


Error: src/app/modules/staff/add_non-Teaching/add_non-Teaching.component.ts:86:41 - error TS2304: Cannot find name 'OtherInformationComponent'.

86     private OtherInformationComponent!: OtherInformationComponent;
                                           ~~~~~~~~~~~~~~~~~~~~~~~~~



√ Browser application bundle generation complete.

Lazy Chunk Files                         | Names |      Size
src_app_modules_staff_staff_module_ts.js | -     | 230.51 kB

13 unchanged chunks

Build at: 2022-04-02T11:01:15.204Z - Hash: b786cec6f88a32f76036 - Time: 6440ms

Error: src/app/modules/staff/add_non-Teaching/add_non-Teaching.component.ts:85:16 - error TS2304: Cannot find name 'OtherInformationComponent'.

85     @ViewChild(OtherInformationComponent)
                  ~~~~~~~~~~~~~~~~~~~~~~~~~



√ Browser application bundle generation complete.

Lazy Chunk Files                         | Names |      Size
src_app_modules_staff_staff_module_ts.js | -     | 230.49 kB

13 unchanged chunks

Build at: 2022-04-02T11:01:23.495Z - Hash: 731c3eaa74c96bfd9570 - Time: 7525ms

√ Compiled successfully.
√ Browser application bundle generation complete.

14 unchanged chunks

Build at: 2022-04-02T11:01:45.763Z - Hash: 731c3eaa74c96bfd9570 - Time: 3076ms

√ Compiled successfully.
√ Browser application bundle generation complete.

Lazy Chunk Files                         | Names |      Size
src_app_modules_staff_staff_module_ts.js | -     | 230.49 kB

13 unchanged chunks

Build at: 2022-04-02T11:07:32.824Z - Hash: f80a4558ac4c6ae7433c - Time: 7028ms

√ Compiled successfully.
√ Browser application bundle generation complete.

Lazy Chunk Files                         | Names |      Size
src_app_modules_staff_staff_module_ts.js | -     | 230.50 kB

13 unchanged chunks

Build at: 2022-04-02T11:09:04.435Z - Hash: 48315547b834033ba366 - Time: 7458ms

√ Compiled successfully.
√ Browser application bundle generation complete.

Lazy Chunk Files                         | Names |      Size
src_app_modules_staff_staff_module_ts.js | -     | 230.50 kB

13 unchanged chunks

Build at: 2022-04-02T11:10:53.230Z - Hash: 9d37cb5dcf6e20461ad3 - Time: 6420ms

√ Compiled successfully.
√ Browser application bundle generation complete.

14 unchanged chunks

Build at: 2022-04-02T11:11:16.646Z - Hash: 9d37cb5dcf6e20461ad3 - Time: 3144ms

√ Compiled successfully.
√ Browser application bundle generation complete.

Lazy Chunk Files                         | Names |      Size
src_app_modules_staff_staff_module_ts.js | -     | 230.49 kB

13 unchanged chunks

Build at: 2022-04-02T11:12:06.531Z - Hash: 780c24ba338ef4cdaabb - Time: 6894ms

√ Compiled successfully.
√ Browser application bundle generation complete.

Lazy Chunk Files                         | Names |      Size
src_app_modules_staff_staff_module_ts.js | -     | 230.11 kB

13 unchanged chunks

Build at: 2022-04-02T11:12:17.408Z - Hash: 5356825789703ac1f031 - Time: 5228ms

√ Compiled successfully.
√ Browser application bundle generation complete.

Lazy Chunk Files                         | Names |      Size
src_app_modules_staff_staff_module_ts.js | -     | 230.12 kB

13 unchanged chunks

Build at: 2022-04-02T11:12:25.386Z - Hash: 5e07a57494e9001100fe - Time: 7388ms

√ Compiled successfully.
√ Browser application bundle generation complete.

Lazy Chunk Files                         | Names |      Size
src_app_modules_staff_staff_module_ts.js | -     | 230.12 kB

13 unchanged chunks

Build at: 2022-04-02T11:12:39.376Z - Hash: fc65109e2d6e59371080 - Time: 5916ms

√ Compiled successfully.
√ Browser application bundle generation complete.

14 unchanged chunks

Build at: 2022-04-02T11:12:43.374Z - Hash: fc65109e2d6e59371080 - Time: 3542ms

√ Compiled successfully.
√ Browser application bundle generation complete.

14 unchanged chunks

Build at: 2022-04-02T11:18:01.531Z - Hash: fc65109e2d6e59371080 - Time: 2455ms

√ Compiled successfully.
^C